[2024-10-28 04:22:29.396 +00:00] [INF] [4] Main: Jellyfin version: "10.10.0"
[2024-10-28 04:22:29.415 +00:00] [INF] [4] Main: Environment Variables: ["[JELLYFIN_PublishedServerUrl, https://jellyfin.bramen.org]", "[JELLYFIN_CONFIG_DIR, /config]", "[JELLYFIN_LOG_DIR, /config/log]", "[JELLYFIN_CACHE_DIR, /config/cache]", "[JELLYFIN_WEB_DIR, /usr/share/jellyfin/web]", "[JELLYFIN_DATA_DIR, /config/data]"]
[2024-10-28 04:22:29.420 +00:00] [INF] [4] Main: Arguments: ["/usr/lib/jellyfin/bin/jellyfin.dll", "--ffmpeg=/usr/lib/jellyfin-ffmpeg/ffmpeg"]
[2024-10-28 04:22:29.421 +00:00] [INF] [4] Main: Operating system: "Ubuntu 24.04.1 LTS"
[2024-10-28 04:22:29.421 +00:00] [INF] [4] Main: Architecture: X64
[2024-10-28 04:22:29.422 +00:00] [INF] [4] Main: 64-Bit Process: True
[2024-10-28 04:22:29.422 +00:00] [INF] [4] Main: User Interactive: True
[2024-10-28 04:22:29.422 +00:00] [INF] [4] Main: Processor count: 2
[2024-10-28 04:22:29.422 +00:00] [INF] [4] Main: Program data path: "/config/data"
[2024-10-28 04:22:29.422 +00:00] [INF] [4] Main: Log directory path: "/config/log"
[2024-10-28 04:22:29.423 +00:00] [INF] [4] Main: Config directory path: "/config"
[2024-10-28 04:22:29.423 +00:00] [INF] [4] Main: Cache path: "/config/cache"
[2024-10-28 04:22:29.423 +00:00] [INF] [4] Main: Temp directory path: "/tmp/jellyfin"
[2024-10-28 04:22:29.423 +00:00] [INF] [4] Main: Web resources path: "/usr/share/jellyfin/web"
[2024-10-28 04:22:29.423 +00:00] [INF] [4] Main: Application directory: "/usr/lib/jellyfin/bin/"
[2024-10-28 04:22:29.436 +00:00] [INF] [4] Jellyfin.Server.Migrations.MigrationRunner: Marking following migrations as applied because this is a fresh install: ["CreateNetworkConfiguration", "MigrateMusicBrainzTimeout", "MigrateNetworkConfiguration", "MigrateEncodingOptions"]
[2024-10-28 04:22:29.523 +00:00] [INF] [4] Emby.Server.Implementations.AppBase.BaseConfigurationManager: Setting cache path: "/config/cache"
[2024-10-28 04:22:29.556 +00:00] [INF] [4] Emby.Server.Implementations.ApplicationHost: Loading assemblies
[2024-10-28 04:22:29.624 +00:00] [INF] [4] Jellyfin.Networking.Manager.NetworkManager: Defined LAN subnets: ["127.0.0.1/8", "10.0.0.0/8", "172.16.0.0/12", "192.168.0.0/16"]
[2024-10-28 04:22:29.625 +00:00] [INF] [4] Jellyfin.Networking.Manager.NetworkManager: Defined LAN exclusions: []
[2024-10-28 04:22:29.625 +00:00] [INF] [4] Jellyfin.Networking.Manager.NetworkManager: Used LAN subnets: ["127.0.0.1/8", "10.0.0.0/8", "172.16.0.0/12", "192.168.0.0/16"]
[2024-10-28 04:22:29.627 +00:00] [INF] [4] Jellyfin.Networking.Manager.NetworkManager: Filtered interface addresses: ["127.0.0.1", "172.18.0.3"]
[2024-10-28 04:22:29.627 +00:00] [INF] [4] Jellyfin.Networking.Manager.NetworkManager: Bind Addresses ["0.0.0.0"]
[2024-10-28 04:22:29.628 +00:00] [INF] [4] Jellyfin.Networking.Manager.NetworkManager: Remote IP filter is "Allowlist"
[2024-10-28 04:22:29.628 +00:00] [INF] [4] Jellyfin.Networking.Manager.NetworkManager: Filtered subnets: []
[2024-10-28 04:22:30.543 +00:00] [INF] [4] Emby.Server.Implementations.ApplicationHost: There are pending EFCore migrations in the database. Applying... (This may take a while, do not stop Jellyfin)
[2024-10-28 04:22:30.810 +00:00] [WRN] [4] Microsoft.EntityFrameworkCore.Migrations: An operation of type '"SqlOperation"' will be attempted while a rebuild of table '"ImageInfos"' is pending. The database may not be in an expected state. Review the SQL generated by this migration to help diagnose any failures. Consider moving these operations to a subsequent migration.
[2024-10-28 04:22:30.810 +00:00] [WRN] [4] Microsoft.EntityFrameworkCore.Migrations: An operation of type '"SqlOperation"' will be attempted while a rebuild of table '"ImageInfos"' is pending. The database may not be in an expected state. Review the SQL generated by this migration to help diagnose any failures. Consider moving these operations to a subsequent migration.
[2024-10-28 04:22:30.811 +00:00] [WRN] [4] Microsoft.EntityFrameworkCore.Migrations: An operation of type '"SqlOperation"' will be attempted while a rebuild of table '"Permissions"' is pending. The database may not be in an expected state. Review the SQL generated by this migration to help diagnose any failures. Consider moving these operations to a subsequent migration.
[2024-10-28 04:22:30.811 +00:00] [WRN] [4] Microsoft.EntityFrameworkCore.Migrations: An operation of type '"SqlOperation"' will be attempted while a rebuild of table '"Permissions"' is pending. The database may not be in an expected state. Review the SQL generated by this migration to help diagnose any failures. Consider moving these operations to a subsequent migration.
[2024-10-28 04:22:30.812 +00:00] [WRN] [4] Microsoft.EntityFrameworkCore.Migrations: An operation of type '"SqlOperation"' will be attempted while a rebuild of table '"Preferences"' is pending. The database may not be in an expected state. Review the SQL generated by this migration to help diagnose any failures. Consider moving these operations to a subsequent migration.
[2024-10-28 04:22:30.812 +00:00] [WRN] [4] Microsoft.EntityFrameworkCore.Migrations: An operation of type '"SqlOperation"' will be attempted while a rebuild of table '"Preferences"' is pending. The database may not be in an expected state. Review the SQL generated by this migration to help diagnose any failures. Consider moving these operations to a subsequent migration.
[2024-10-28 04:22:30.813 +00:00] [WRN] [4] Microsoft.EntityFrameworkCore.Migrations: An operation of type '"SqlOperation"' will be attempted while a rebuild of table '"Users"' is pending. The database may not be in an expected state. Review the SQL generated by this migration to help diagnose any failures. Consider moving these operations to a subsequent migration.
[2024-10-28 04:22:30.813 +00:00] [WRN] [4] Microsoft.EntityFrameworkCore.Migrations: An operation of type '"SqlOperation"' will be attempted while a rebuild of table '"Users"' is pending. The database may not be in an expected state. Review the SQL generated by this migration to help diagnose any failures. Consider moving these operations to a subsequent migration.
[2024-10-28 04:22:30.987 +00:00] [INF] [4] Emby.Server.Implementations.ApplicationHost: EFCore migrations applied successfully
[2024-10-28 04:22:31.422 +00:00] [INF] [4] Emby.Server.Implementations.AppBase.BaseConfigurationManager: Saving system configuration
[2024-10-28 04:22:31.423 +00:00] [INF] [4] Emby.Server.Implementations.AppBase.BaseConfigurationManager: Setting cache path: "/config/cache"
[2024-10-28 04:22:31.427 +00:00] [INF] [4] Emby.Server.Implementations.Plugins.PluginManager: Loaded plugin: "TMDb" "10.10.0.0"
[2024-10-28 04:22:31.428 +00:00] [INF] [4] Emby.Server.Implementations.Plugins.PluginManager: Loaded plugin: "Studio Images" "10.10.0.0"
[2024-10-28 04:22:31.428 +00:00] [INF] [4] Emby.Server.Implementations.Plugins.PluginManager: Loaded plugin: "OMDb" "10.10.0.0"
[2024-10-28 04:22:31.440 +00:00] [INF] [4] Emby.Server.Implementations.Plugins.PluginManager: Loaded plugin: "MusicBrainz" "10.10.0.0"
[2024-10-28 04:22:31.441 +00:00] [INF] [4] Emby.Server.Implementations.Plugins.PluginManager: Loaded plugin: "AudioDB" "10.10.0.0"
[2024-10-28 04:22:31.485 +00:00] [INF] [4] Jellyfin.Server.Migrations.MigrationRunner: Marking following migrations as applied because this is a fresh install: ["DisableTranscodingThrottling", "CreateLoggingConfigHeirarchy", "MigrateActivityLogDatabase", "RemoveDuplicateExtras", "MigrateUserDatabase", "MigrateDisplayPreferencesDatabase", "RemoveDownloadImagesInAdvance", "MigrateAuthenticationDatabase", "FixPlaylistOwner", "MigrateRatingLevels", "FixAudioData"]
[2024-10-28 04:22:31.488 +00:00] [INF] [4] Jellyfin.Server.Migrations.MigrationRunner: Applying migration '"AddDefaultPluginRepository"'
[2024-10-28 04:22:31.489 +00:00] [INF] [4] Emby.Server.Implementations.AppBase.BaseConfigurationManager: Saving system configuration
[2024-10-28 04:22:31.490 +00:00] [INF] [4] Emby.Server.Implementations.AppBase.BaseConfigurationManager: Setting cache path: "/config/cache"
[2024-10-28 04:22:31.490 +00:00] [INF] [4] Jellyfin.Server.Migrations.MigrationRunner: Migration '"AddDefaultPluginRepository"' applied successfully
[2024-10-28 04:22:31.490 +00:00] [INF] [4] Jellyfin.Server.Migrations.MigrationRunner: Applying migration '"ReaddDefaultPluginRepository"'
[2024-10-28 04:22:31.491 +00:00] [INF] [4] Jellyfin.Server.Migrations.MigrationRunner: Migration '"ReaddDefaultPluginRepository"' applied successfully
[2024-10-28 04:22:31.491 +00:00] [INF] [4] Jellyfin.Server.Migrations.MigrationRunner: Applying migration '"AddDefaultCastReceivers"'
[2024-10-28 04:22:31.492 +00:00] [INF] [4] Emby.Server.Implementations.AppBase.BaseConfigurationManager: Saving system configuration
[2024-10-28 04:22:31.492 +00:00] [INF] [4] Emby.Server.Implementations.AppBase.BaseConfigurationManager: Setting cache path: "/config/cache"
[2024-10-28 04:22:31.493 +00:00] [INF] [4] Jellyfin.Server.Migrations.MigrationRunner: Migration '"AddDefaultCastReceivers"' applied successfully
[2024-10-28 04:22:31.493 +00:00] [INF] [4] Jellyfin.Server.Migrations.MigrationRunner: Applying migration '"UpdateDefaultPluginRepository10.9"'
[2024-10-28 04:22:31.494 +00:00] [INF] [4] Emby.Server.Implementations.AppBase.BaseConfigurationManager: Saving system configuration
[2024-10-28 04:22:31.494 +00:00] [INF] [4] Emby.Server.Implementations.AppBase.BaseConfigurationManager: Setting cache path: "/config/cache"
[2024-10-28 04:22:31.494 +00:00] [INF] [4] Jellyfin.Server.Migrations.MigrationRunner: Migration '"UpdateDefaultPluginRepository10.9"' applied successfully
[2024-10-28 04:22:31.495 +00:00] [INF] [4] Jellyfin.Server.Migrations.MigrationRunner: Applying migration '"MoveTrickplayFiles"'
[2024-10-28 04:22:31.591 +00:00] [INF] [4] Jellyfin.Server.Migrations.Routines.MoveTrickplayFiles: Moved 0 items in 00:00:00.0941704
[2024-10-28 04:22:31.591 +00:00] [INF] [4] Jellyfin.Server.Migrations.MigrationRunner: Migration '"MoveTrickplayFiles"' applied successfully
[2024-10-28 04:22:31.615 +00:00] [INF] [4] Main: Kestrel is listening on "0.0.0.0"
[2024-10-28 04:22:31.631 +00:00] [WRN] [4] Microsoft.AspNetCore.DataProtection.KeyManagement.XmlKeyManager: No XML encryptor configured. Key {3580a19e-dc0c-4fc7-94cf-1ab0fe244fde} may be persisted to storage in unencrypted form.
[2024-10-28 04:22:32.037 +00:00] [WRN] [4] Microsoft.AspNetCore.StaticFiles.StaticFileMiddleware: The WebRootPath was not found: "/run/s6-rc:s6-rc-init:LeFIia/servicedirs/svc-jellyfin/wwwroot". Static files may be unavailable.
[2024-10-28 04:22:32.096 +00:00] [INF] [4] Emby.Server.Implementations.ApplicationHost: Running startup tasks
[2024-10-28 04:22:32.118 +00:00] [INF] [4] Emby.Server.Implementations.ScheduledTasks.TaskManager: Daily trigger for "Generate Trickplay Images" set to fire at 2024-10-29 03:00:00.000 +00:00, which is 22:37:27.8819564 from now.
[2024-10-28 04:22:32.120 +00:00] [INF] [4] Emby.Server.Implementations.ScheduledTasks.TaskManager: Daily trigger for "Extract Chapter Images" set to fire at 2024-10-29 02:00:00.000 +00:00, which is 21:37:27.8794177 from now.
[2024-10-28 04:22:32.152 +00:00] [INF] [4] MediaBrowser.MediaEncoding.Encoder.MediaEncoder: Found ffmpeg version "7.0.2"
[2024-10-28 04:22:32.201 +00:00] [INF] [4] MediaBrowser.MediaEncoding.Encoder.MediaEncoder: Available "decoders": ["libdav1d", "av1", "av1_cuvid", "av1_qsv", "h264", "h264_qsv", "h264_cuvid", "hevc", "hevc_qsv", "hevc_cuvid", "mpeg2video", "mpeg2_qsv", "mpeg2_cuvid", "mpeg4", "mpeg4_cuvid", "msmpeg4", "vc1_qsv", "vc1_cuvid", "vp8", "libvpx", "vp8_cuvid", "vp8_qsv", "vp9", "libvpx-vp9", "vp9_cuvid", "vp9_qsv", "aac", "ac3", "ac4", "dca", "flac", "mp3", "truehd"]
[2024-10-28 04:22:32.220 +00:00] [INF] [4] MediaBrowser.MediaEncoding.Encoder.MediaEncoder: Available "encoders": ["libsvtav1", "av1_nvenc", "av1_qsv", "av1_amf", "av1_vaapi", "libx264", "h264_amf", "h264_nvenc", "h264_qsv", "h264_v4l2m2m", "h264_vaapi", "libx265", "hevc_amf", "hevc_nvenc", "hevc_qsv", "hevc_vaapi", "mjpeg_qsv", "mjpeg_vaapi", "aac", "libfdk_aac", "ac3", "alac", "dca", "flac", "libmp3lame", "libopus", "truehd", "libvorbis", "srt"]
[2024-10-28 04:22:32.244 +00:00] [INF] [4] MediaBrowser.MediaEncoding.Encoder.MediaEncoder: Available filters: ["bwdif_cuda", "deinterlace_qsv", "deinterlace_vaapi", "flip_vulkan", "hwupload_cuda", "hwupload_vaapi", "libplacebo", "overlay_opencl", "overlay_qsv", "overlay_vaapi", "overlay_vulkan", "overlay_cuda", "procamp_vaapi", "scale_cuda", "scale_opencl", "scale_qsv", "scale_vaapi", "scale_vulkan", "tonemapx", "tonemap_cuda", "tonemap_opencl", "tonemap_vaapi", "transpose_cuda", "transpose_opencl", "transpose_vaapi", "transpose_vulkan", "vpp_qsv", "yadif_cuda", "zscale", "alphasrc"]
[2024-10-28 04:22:32.401 +00:00] [INF] [4] MediaBrowser.MediaEncoding.Encoder.MediaEncoder: Available hwaccel types: ["cuda", "vaapi", "qsv", "drm", "opencl", "vulkan"]
[2024-10-28 04:22:35.139 +00:00] [INF] [12] Emby.Server.Implementations.ScheduledTasks.TaskManager: "Clean Transcode Directory" Completed after 0 minute(s) and 0 seconds
[2024-10-28 04:22:35.139 +00:00] [INF] [6] Emby.Server.Implementations.ScheduledTasks.TaskManager: "Clean up collections and playlists" Completed after 0 minute(s) and 0 seconds
[2024-10-28 04:22:36.404 +00:00] [INF] [16] Emby.Server.Implementations.ScheduledTasks.TaskManager: "Update Plugins" Completed after 0 minute(s) and 1 seconds
[2024-10-28 04:22:43.451 +00:00] [INF] [4] MediaBrowser.MediaEncoding.Encoder.MediaEncoder: FFmpeg: "/usr/lib/jellyfin-ffmpeg/ffmpeg"
[2024-10-28 04:22:43.453 +00:00] [INF] [4] Emby.Server.Implementations.ApplicationHost: ServerId: "bd4df2b0327c456a8d8ebc92f8f87a9c"
[2024-10-28 04:22:43.453 +00:00] [INF] [4] Emby.Server.Implementations.ApplicationHost: Core startup complete
[2024-10-28 04:22:43.454 +00:00] [INF] [4] Main: Startup complete 0:00:14.2147343
[2024-10-28 04:24:28.175 +00:00] [INF] [6] Emby.Server.Implementations.AppBase.BaseConfigurationManager: Saving system configuration
[2024-10-28 04:24:28.178 +00:00] [INF] [6] Emby.Server.Implementations.AppBase.BaseConfigurationManager: Setting cache path: "/config/cache"
[2024-10-28 04:24:28.179 +00:00] [INF] [4] Jellyfin.Networking.PortForwardingHost: Stopping NAT discovery
[2024-10-28 04:24:28.388 +00:00] [WRN] [6] Jellyfin.Server.Implementations.Users.UserManager: No users, creating one with username "abc"
[2024-10-28 04:25:40.903 +00:00] [INF] [20] Emby.Server.Implementations.AppBase.BaseConfigurationManager: Saving system configuration
[2024-10-28 04:25:40.904 +00:00] [INF] [20] Emby.Server.Implementations.AppBase.BaseConfigurationManager: Setting cache path: "/config/cache"
[2024-10-28 04:25:44.732 +00:00] [INF] [4] Jellyfin.Networking.Manager.NetworkManager: Defined LAN subnets: ["127.0.0.1/8", "10.0.0.0/8", "172.16.0.0/12", "192.168.0.0/16"]
[2024-10-28 04:25:44.733 +00:00] [INF] [4] Jellyfin.Networking.Manager.NetworkManager: Defined LAN exclusions: []
[2024-10-28 04:25:44.733 +00:00] [INF] [4] Jellyfin.Networking.Manager.NetworkManager: Used LAN subnets: ["127.0.0.1/8", "10.0.0.0/8", "172.16.0.0/12", "192.168.0.0/16"]
[2024-10-28 04:25:44.733 +00:00] [INF] [4] Jellyfin.Networking.Manager.NetworkManager: Filtered interface addresses: ["127.0.0.1", "172.18.0.3"]
[2024-10-28 04:25:44.733 +00:00] [INF] [4] Jellyfin.Networking.Manager.NetworkManager: Bind Addresses ["0.0.0.0"]
[2024-10-28 04:25:44.733 +00:00] [INF] [4] Jellyfin.Networking.Manager.NetworkManager: Remote IP filter is "Allowlist"
[2024-10-28 04:25:44.734 +00:00] [INF] [4] Jellyfin.Networking.Manager.NetworkManager: Filtered subnets: []
[2024-10-28 04:25:46.459 +00:00] [INF] [20] Emby.Server.Implementations.AppBase.BaseConfigurationManager: Saving system configuration
[2024-10-28 04:25:46.461 +00:00] [INF] [20] Emby.Server.Implementations.AppBase.BaseConfigurationManager: Setting cache path: "/config/cache"
[2024-10-28 04:25:46.465 +00:00] [INF] [20] Emby.Server.Implementations.Library.LibraryManager: Validating media library
[2024-10-28 04:25:46.673 +00:00] [WRN] [20] MediaBrowser.Controller.Entities.BaseItem: Library folder "/data/peliculas" is inaccessible or empty, skipping
[2024-10-28 04:25:46.675 +00:00] [WRN] [20] MediaBrowser.Controller.Entities.BaseItem: Library folder "/config/data/data/playlists" is inaccessible or empty, skipping
[2024-10-28 04:25:46.763 +00:00] [WRN] [20] MediaBrowser.Controller.Entities.BaseItem: Library folder "/data/peliculas" is inaccessible or empty, skipping
[2024-10-28 04:25:46.763 +00:00] [WRN] [20] MediaBrowser.Controller.Entities.BaseItem: Library folder "/config/data/data/playlists" is inaccessible or empty, skipping
[2024-10-28 04:25:46.782 +00:00] [INF] [20] Emby.Server.Implementations.ScheduledTasks.TaskManager: "Escanear biblioteca de medios" Completed after 0 minute(s) and 0 seconds
[2024-10-28 04:25:51.777 +00:00] [INF] [19] Jellyfin.Server.Implementations.Users.UserManager: Authentication request for "admin" has succeeded.
[2024-10-28 04:25:51.777 +00:00] [INF] [19] Emby.Server.Implementations.Session.SessionManager: Current/Max sessions for user "admin": 0/0
[2024-10-28 04:25:51.780 +00:00] [INF] [19] Emby.Server.Implementations.Session.SessionManager: Creating new access token for user 1d8ccf44-508d-4355-a2b7-76a0da3b4e8b
[2024-10-28 04:25:52.164 +00:00] [INF] [20] Emby.Server.Implementations.HttpServer.WebSocketManager: WS "181.129.215.156" request
[2024-10-28 04:26:04.625 +00:00] [INF] [18] Emby.Server.Implementations.Library.LibraryManager: Validating media library
[2024-10-28 04:26:04.629 +00:00] [WRN] [18] MediaBrowser.Controller.Entities.BaseItem: Library folder "/data/peliculas" is inaccessible or empty, skipping
[2024-10-28 04:26:04.630 +00:00] [WRN] [18] MediaBrowser.Controller.Entities.BaseItem: Library folder "/config/data/data/playlists" is inaccessible or empty, skipping
[2024-10-28 04:26:04.636 +00:00] [WRN] [18] MediaBrowser.Controller.Entities.BaseItem: Library folder "/data/peliculas" is inaccessible or empty, skipping
[2024-10-28 04:26:04.637 +00:00] [WRN] [18] MediaBrowser.Controller.Entities.BaseItem: Library folder "/config/data/data/playlists" is inaccessible or empty, skipping
[2024-10-28 04:26:04.640 +00:00] [INF] [12] Emby.Server.Implementations.ScheduledTasks.TaskManager: "Escanear biblioteca de medios" Completed after 0 minute(s) and 0 seconds
[2024-10-28 04:26:06.000 +00:00] [INF] [12] Emby.Server.Implementations.Library.LibraryManager: Validating media library
[2024-10-28 04:26:06.006 +00:00] [WRN] [12] MediaBrowser.Controller.Entities.BaseItem: Library folder "/data/peliculas" is inaccessible or empty, skipping
[2024-10-28 04:26:06.006 +00:00] [WRN] [12] MediaBrowser.Controller.Entities.BaseItem: Library folder "/config/data/data/playlists" is inaccessible or empty, skipping
[2024-10-28 04:26:06.014 +00:00] [WRN] [4] MediaBrowser.Controller.Entities.BaseItem: Library folder "/data/peliculas" is inaccessible or empty, skipping
[2024-10-28 04:26:06.014 +00:00] [WRN] [4] MediaBrowser.Controller.Entities.BaseItem: Library folder "/config/data/data/playlists" is inaccessible or empty, skipping
[2024-10-28 04:26:06.017 +00:00] [INF] [4] Emby.Server.Implementations.ScheduledTasks.TaskManager: "Escanear biblioteca de medios" Completed after 0 minute(s) and 0 seconds
[2024-10-28 04:26:08.176 +00:00] [INF] [18] Emby.Server.Implementations.Library.LibraryManager: Validating media library
[2024-10-28 04:26:08.179 +00:00] [WRN] [18] MediaBrowser.Controller.Entities.BaseItem: Library folder "/data/peliculas" is inaccessible or empty, skipping
[2024-10-28 04:26:08.179 +00:00] [WRN] [18] MediaBrowser.Controller.Entities.BaseItem: Library folder "/config/data/data/playlists" is inaccessible or empty, skipping
[2024-10-28 04:26:08.185 +00:00] [WRN] [18] MediaBrowser.Controller.Entities.BaseItem: Library folder "/data/peliculas" is inaccessible or empty, skipping
[2024-10-28 04:26:08.185 +00:00] [WRN] [18] MediaBrowser.Controller.Entities.BaseItem: Library folder "/config/data/data/playlists" is inaccessible or empty, skipping
[2024-10-28 04:26:08.189 +00:00] [INF] [18] Emby.Server.Implementations.ScheduledTasks.TaskManager: "Escanear biblioteca de medios" Completed after 0 minute(s) and 0 seconds
[2024-10-28 04:26:54.631 +00:00] [INF] [18] Emby.Server.Implementations.HttpServer.WebSocketManager: WS "181.129.215.156" closed
[2024-10-28 04:26:55.267 +00:00] [INF] [17] Emby.Server.Implementations.HttpServer.WebSocketManager: WS "181.129.215.156" request
[2024-10-28 04:28:57.438 +00:00] [INF] [16] Emby.Server.Implementations.Library.LibraryManager: Validating media library
[2024-10-28 04:28:57.440 +00:00] [WRN] [16] MediaBrowser.Controller.Entities.BaseItem: Library folder "/data/peliculas" is inaccessible or empty, skipping
[2024-10-28 04:28:57.440 +00:00] [WRN] [16] MediaBrowser.Controller.Entities.BaseItem: Library folder "/config/data/data/playlists" is inaccessible or empty, skipping
[2024-10-28 04:28:57.446 +00:00] [WRN] [16] MediaBrowser.Controller.Entities.BaseItem: Library folder "/data/peliculas" is inaccessible or empty, skipping
[2024-10-28 04:28:57.447 +00:00] [WRN] [16] MediaBrowser.Controller.Entities.BaseItem: Library folder "/config/data/data/playlists" is inaccessible or empty, skipping
[2024-10-28 04:28:57.449 +00:00] [INF] [16] Emby.Server.Implementations.ScheduledTasks.TaskManager: "Escanear biblioteca de medios" Completed after 0 minute(s) and 0 seconds
[2024-10-28 04:29:03.336 +00:00] [INF] [25] Emby.Server.Implementations.Library.LibraryManager: Validating media library
[2024-10-28 04:29:03.340 +00:00] [WRN] [25] MediaBrowser.Controller.Entities.BaseItem: Library folder "/data/peliculas" is inaccessible or empty, skipping
[2024-10-28 04:29:03.341 +00:00] [WRN] [25] MediaBrowser.Controller.Entities.BaseItem: Library folder "/config/data/data/playlists" is inaccessible or empty, skipping
[2024-10-28 04:29:03.346 +00:00] [WRN] [25] MediaBrowser.Controller.Entities.BaseItem: Library folder "/data/peliculas" is inaccessible or empty, skipping
[2024-10-28 04:29:03.347 +00:00] [WRN] [25] MediaBrowser.Controller.Entities.BaseItem: Library folder "/config/data/data/playlists" is inaccessible or empty, skipping
[2024-10-28 04:29:03.349 +00:00] [INF] [25] Emby.Server.Implementations.ScheduledTasks.TaskManager: "Escanear biblioteca de medios" Completed after 0 minute(s) and 0 seconds
[2024-10-28 04:30:39.329 +00:00] [INF] [22] Emby.Server.Implementations.Library.LibraryManager: Validating media library
[2024-10-28 04:30:39.331 +00:00] [WRN] [22] MediaBrowser.Controller.Entities.BaseItem: Library folder "/data/peliculas" is inaccessible or empty, skipping
[2024-10-28 04:30:39.332 +00:00] [WRN] [22] MediaBrowser.Controller.Entities.BaseItem: Library folder "/config/data/data/playlists" is inaccessible or empty, skipping
[2024-10-28 04:30:39.342 +00:00] [WRN] [22] MediaBrowser.Controller.Entities.BaseItem: Library folder "/data/peliculas" is inaccessible or empty, skipping
[2024-10-28 04:30:39.343 +00:00] [WRN] [22] MediaBrowser.Controller.Entities.BaseItem: Library folder "/config/data/data/playlists" is inaccessible or empty, skipping
[2024-10-28 04:30:39.345 +00:00] [INF] [22] Emby.Server.Implementations.ScheduledTasks.TaskManager: "Escanear biblioteca de medios" Completed after 0 minute(s) and 0 seconds
[2024-10-28 04:30:40.248 +00:00] [INF] [3] Emby.Server.Implementations.Library.LibraryManager: Validating media library
[2024-10-28 04:30:40.251 +00:00] [WRN] [3] MediaBrowser.Controller.Entities.BaseItem: Library folder "/data/peliculas" is inaccessible or empty, skipping
[2024-10-28 04:30:40.251 +00:00] [WRN] [3] MediaBrowser.Controller.Entities.BaseItem: Library folder "/config/data/data/playlists" is inaccessible or empty, skipping
[2024-10-28 04:30:40.257 +00:00] [WRN] [22] MediaBrowser.Controller.Entities.BaseItem: Library folder "/data/peliculas" is inaccessible or empty, skipping
[2024-10-28 04:30:40.257 +00:00] [WRN] [22] MediaBrowser.Controller.Entities.BaseItem: Library folder "/config/data/data/playlists" is inaccessible or empty, skipping
[2024-10-28 04:30:40.259 +00:00] [INF] [22] Emby.Server.Implementations.ScheduledTasks.TaskManager: "Escanear biblioteca de medios" Completed after 0 minute(s) and 0 seconds
[2024-10-28 04:30:40.761 +00:00] [INF] [3] Emby.Server.Implementations.Library.LibraryManager: Validating media library
[2024-10-28 04:30:40.764 +00:00] [WRN] [3] MediaBrowser.Controller.Entities.BaseItem: Library folder "/data/peliculas" is inaccessible or empty, skipping
[2024-10-28 04:30:40.765 +00:00] [WRN] [3] MediaBrowser.Controller.Entities.BaseItem: Library folder "/config/data/data/playlists" is inaccessible or empty, skipping
[2024-10-28 04:30:40.770 +00:00] [WRN] [3] MediaBrowser.Controller.Entities.BaseItem: Library folder "/data/peliculas" is inaccessible or empty, skipping
[2024-10-28 04:30:40.771 +00:00] [WRN] [3] MediaBrowser.Controller.Entities.BaseItem: Library folder "/config/data/data/playlists" is inaccessible or empty, skipping
[2024-10-28 04:30:40.773 +00:00] [INF] [21] Emby.Server.Implementations.ScheduledTasks.TaskManager: "Escanear biblioteca de medios" Completed after 0 minute(s) and 0 seconds
[2024-10-28 04:30:40.931 +00:00] [INF] [6] Emby.Server.Implementations.Library.LibraryManager: Validating media library
[2024-10-28 04:30:40.933 +00:00] [WRN] [6] MediaBrowser.Controller.Entities.BaseItem: Library folder "/data/peliculas" is inaccessible or empty, skipping
[2024-10-28 04:30:40.933 +00:00] [WRN] [6] MediaBrowser.Controller.Entities.BaseItem: Library folder "/config/data/data/playlists" is inaccessible or empty, skipping
[2024-10-28 04:30:40.938 +00:00] [WRN] [6] MediaBrowser.Controller.Entities.BaseItem: Library folder "/data/peliculas" is inaccessible or empty, skipping
[2024-10-28 04:30:40.938 +00:00] [WRN] [6] MediaBrowser.Controller.Entities.BaseItem: Library folder "/config/data/data/playlists" is inaccessible or empty, skipping
[2024-10-28 04:30:40.946 +00:00] [INF] [6] Emby.Server.Implementations.ScheduledTasks.TaskManager: "Escanear biblioteca de medios" Completed after 0 minute(s) and 0 seconds
[2024-10-28 04:30:41.089 +00:00] [INF] [21] Emby.Server.Implementations.Library.LibraryManager: Validating media library
[2024-10-28 04:30:41.092 +00:00] [WRN] [21] MediaBrowser.Controller.Entities.BaseItem: Library folder "/data/peliculas" is inaccessible or empty, skipping
[2024-10-28 04:30:41.093 +00:00] [WRN] [21] MediaBrowser.Controller.Entities.BaseItem: Library folder "/config/data/data/playlists" is inaccessible or empty, skipping
[2024-10-28 04:30:41.099 +00:00] [WRN] [12] MediaBrowser.Controller.Entities.BaseItem: Library folder "/data/peliculas" is inaccessible or empty, skipping
[2024-10-28 04:30:41.099 +00:00] [WRN] [12] MediaBrowser.Controller.Entities.BaseItem: Library folder "/config/data/data/playlists" is inaccessible or empty, skipping
[2024-10-28 04:30:41.105 +00:00] [INF] [12] Emby.Server.Implementations.ScheduledTasks.TaskManager: "Escanear biblioteca de medios" Completed after 0 minute(s) and 0 seconds
[2024-10-28 04:30:41.248 +00:00] [INF] [6] Emby.Server.Implementations.Library.LibraryManager: Validating media library
[2024-10-28 04:30:41.251 +00:00] [WRN] [6] MediaBrowser.Controller.Entities.BaseItem: Library folder "/data/peliculas" is inaccessible or empty, skipping
[2024-10-28 04:30:41.252 +00:00] [WRN] [6] MediaBrowser.Controller.Entities.BaseItem: Library folder "/config/data/data/playlists" is inaccessible or empty, skipping
[2024-10-28 04:30:41.257 +00:00] [WRN] [12] MediaBrowser.Controller.Entities.BaseItem: Library folder "/data/peliculas" is inaccessible or empty, skipping
[2024-10-28 04:30:41.258 +00:00] [WRN] [12] MediaBrowser.Controller.Entities.BaseItem: Library folder "/config/data/data/playlists" is inaccessible or empty, skipping
[2024-10-28 04:30:41.260 +00:00] [INF] [12] Emby.Server.Implementations.ScheduledTasks.TaskManager: "Escanear biblioteca de medios" Completed after 0 minute(s) and 0 seconds
[2024-10-28 04:30:41.408 +00:00] [INF] [21] Emby.Server.Implementations.Library.LibraryManager: Validating media library
[2024-10-28 04:30:41.411 +00:00] [WRN] [21] MediaBrowser.Controller.Entities.BaseItem: Library folder "/data/peliculas" is inaccessible or empty, skipping
[2024-10-28 04:30:41.411 +00:00] [WRN] [21] MediaBrowser.Controller.Entities.BaseItem: Library folder "/config/data/data/playlists" is inaccessible or empty, skipping
[2024-10-28 04:30:41.416 +00:00] [WRN] [22] MediaBrowser.Controller.Entities.BaseItem: Library folder "/data/peliculas" is inaccessible or empty, skipping
[2024-10-28 04:30:41.417 +00:00] [WRN] [22] MediaBrowser.Controller.Entities.BaseItem: Library folder "/config/data/data/playlists" is inaccessible or empty, skipping
[2024-10-28 04:30:41.419 +00:00] [INF] [22] Emby.Server.Implementations.ScheduledTasks.TaskManager: "Escanear biblioteca de medios" Completed after 0 minute(s) and 0 seconds
[2024-10-28 04:30:41.560 +00:00] [INF] [6] Emby.Server.Implementations.Library.LibraryManager: Validating media library
[2024-10-28 04:30:41.563 +00:00] [WRN] [6] MediaBrowser.Controller.Entities.BaseItem: Library folder "/data/peliculas" is inaccessible or empty, skipping
[2024-10-28 04:30:41.563 +00:00] [WRN] [6] MediaBrowser.Controller.Entities.BaseItem: Library folder "/config/data/data/playlists" is inaccessible or empty, skipping
[2024-10-28 04:30:41.569 +00:00] [WRN] [6] MediaBrowser.Controller.Entities.BaseItem: Library folder "/data/peliculas" is inaccessible or empty, skipping
[2024-10-28 04:30:41.570 +00:00] [WRN] [6] MediaBrowser.Controller.Entities.BaseItem: Library folder "/config/data/data/playlists" is inaccessible or empty, skipping
[2024-10-28 04:30:41.573 +00:00] [INF] [6] Emby.Server.Implementations.ScheduledTasks.TaskManager: "Escanear biblioteca de medios" Completed after 0 minute(s) and 0 seconds
[2024-10-28 04:30:41.729 +00:00] [INF] [3] Emby.Server.Implementations.Library.LibraryManager: Validating media library
[2024-10-28 04:30:41.731 +00:00] [WRN] [3] MediaBrowser.Controller.Entities.BaseItem: Library folder "/data/peliculas" is inaccessible or empty, skipping
[2024-10-28 04:30:41.731 +00:00] [WRN] [3] MediaBrowser.Controller.Entities.BaseItem: Library folder "/config/data/data/playlists" is inaccessible or empty, skipping
[2024-10-28 04:30:41.737 +00:00] [WRN] [6] MediaBrowser.Controller.Entities.BaseItem: Library folder "/data/peliculas" is inaccessible or empty, skipping
[2024-10-28 04:30:41.737 +00:00] [WRN] [6] MediaBrowser.Controller.Entities.BaseItem: Library folder "/config/data/data/playlists" is inaccessible or empty, skipping
[2024-10-28 04:30:41.745 +00:00] [INF] [6] Emby.Server.Implementations.ScheduledTasks.TaskManager: "Escanear biblioteca de medios" Completed after 0 minute(s) and 0 seconds
[2024-10-28 04:30:41.897 +00:00] [INF] [6] Emby.Server.Implementations.Library.LibraryManager: Validating media library
[2024-10-28 04:30:41.899 +00:00] [WRN] [6] MediaBrowser.Controller.Entities.BaseItem: Library folder "/data/peliculas" is inaccessible or empty, skipping
[2024-10-28 04:30:41.902 +00:00] [WRN] [6] MediaBrowser.Controller.Entities.BaseItem: Library folder "/config/data/data/playlists" is inaccessible or empty, skipping
[2024-10-28 04:30:41.908 +00:00] [WRN] [21] MediaBrowser.Controller.Entities.BaseItem: Library folder "/data/peliculas" is inaccessible or empty, skipping
[2024-10-28 04:30:41.908 +00:00] [WRN] [21] MediaBrowser.Controller.Entities.BaseItem: Library folder "/config/data/data/playlists" is inaccessible or empty, skipping
[2024-10-28 04:30:41.915 +00:00] [INF] [21] Emby.Server.Implementations.ScheduledTasks.TaskManager: "Escanear biblioteca de medios" Completed after 0 minute(s) and 0 seconds
[2024-10-28 04:30:42.057 +00:00] [INF] [22] Emby.Server.Implementations.Library.LibraryManager: Validating media library
[2024-10-28 04:30:42.059 +00:00] [WRN] [22] MediaBrowser.Controller.Entities.BaseItem: Library folder "/data/peliculas" is inaccessible or empty, skipping
[2024-10-28 04:30:42.060 +00:00] [WRN] [22] MediaBrowser.Controller.Entities.BaseItem: Library folder "/config/data/data/playlists" is inaccessible or empty, skipping
[2024-10-28 04:30:42.065 +00:00] [WRN] [22] MediaBrowser.Controller.Entities.BaseItem: Library folder "/data/peliculas" is inaccessible or empty, skipping
[2024-10-28 04:30:42.066 +00:00] [WRN] [22] MediaBrowser.Controller.Entities.BaseItem: Library folder "/config/data/data/playlists" is inaccessible or empty, skipping
[2024-10-28 04:30:42.068 +00:00] [INF] [22] Emby.Server.Implementations.ScheduledTasks.TaskManager: "Escanear biblioteca de medios" Completed after 0 minute(s) and 0 seconds
[2024-10-28 04:30:42.218 +00:00] [INF] [3] Emby.Server.Implementations.Library.LibraryManager: Validating media library
[2024-10-28 04:30:42.221 +00:00] [WRN] [3] MediaBrowser.Controller.Entities.BaseItem: Library folder "/data/peliculas" is inaccessible or empty, skipping
[2024-10-28 04:30:42.221 +00:00] [WRN] [3] MediaBrowser.Controller.Entities.BaseItem: Library folder "/config/data/data/playlists" is inaccessible or empty, skipping
[2024-10-28 04:30:42.226 +00:00] [WRN] [3] MediaBrowser.Controller.Entities.BaseItem: Library folder "/data/peliculas" is inaccessible or empty, skipping
[2024-10-28 04:30:42.226 +00:00] [WRN] [3] MediaBrowser.Controller.Entities.BaseItem: Library folder "/config/data/data/playlists" is inaccessible or empty, skipping
[2024-10-28 04:30:42.229 +00:00] [INF] [3] Emby.Server.Implementations.ScheduledTasks.TaskManager: "Escanear biblioteca de medios" Completed after 0 minute(s) and 0 seconds
[2024-10-28 04:30:42.361 +00:00] [INF] [22] Emby.Server.Implementations.Library.LibraryManager: Validating media library
[2024-10-28 04:30:42.364 +00:00] [WRN] [22] MediaBrowser.Controller.Entities.BaseItem: Library folder "/data/peliculas" is inaccessible or empty, skipping
[2024-10-28 04:30:42.364 +00:00] [WRN] [22] MediaBrowser.Controller.Entities.BaseItem: Library folder "/config/data/data/playlists" is inaccessible or empty, skipping
[2024-10-28 04:30:42.369 +00:00] [WRN] [3] MediaBrowser.Controller.Entities.BaseItem: Library folder "/data/peliculas" is inaccessible or empty, skipping
[2024-10-28 04:30:42.370 +00:00] [WRN] [3] MediaBrowser.Controller.Entities.BaseItem: Library folder "/config/data/data/playlists" is inaccessible or empty, skipping
[2024-10-28 04:30:42.373 +00:00] [INF] [3] Emby.Server.Implementations.ScheduledTasks.TaskManager: "Escanear biblioteca de medios" Completed after 0 minute(s) and 0 seconds
[2024-10-28 04:30:42.536 +00:00] [INF] [21] Emby.Server.Implementations.Library.LibraryManager: Validating media library
[2024-10-28 04:30:42.539 +00:00] [WRN] [21] MediaBrowser.Controller.Entities.BaseItem: Library folder "/data/peliculas" is inaccessible or empty, skipping
[2024-10-28 04:30:42.539 +00:00] [WRN] [21] MediaBrowser.Controller.Entities.BaseItem: Library folder "/config/data/data/playlists" is inaccessible or empty, skipping
[2024-10-28 04:30:42.544 +00:00] [WRN] [21] MediaBrowser.Controller.Entities.BaseItem: Library folder "/data/peliculas" is inaccessible or empty, skipping
[2024-10-28 04:30:42.544 +00:00] [WRN] [21] MediaBrowser.Controller.Entities.BaseItem: Library folder "/config/data/data/playlists" is inaccessible or empty, skipping
[2024-10-28 04:30:42.546 +00:00] [INF] [22] Emby.Server.Implementations.ScheduledTasks.TaskManager: "Escanear biblioteca de medios" Completed after 0 minute(s) and 0 seconds
[2024-10-28 04:30:42.687 +00:00] [INF] [22] Emby.Server.Implementations.Library.LibraryManager: Validating media library
[2024-10-28 04:30:42.690 +00:00] [WRN] [22] MediaBrowser.Controller.Entities.BaseItem: Library folder "/data/peliculas" is inaccessible or empty, skipping
[2024-10-28 04:30:42.691 +00:00] [WRN] [22] MediaBrowser.Controller.Entities.BaseItem: Library folder "/config/data/data/playlists" is inaccessible or empty, skipping
[2024-10-28 04:30:42.696 +00:00] [WRN] [24] MediaBrowser.Controller.Entities.BaseItem: Library folder "/data/peliculas" is inaccessible or empty, skipping
[2024-10-28 04:30:42.697 +00:00] [WRN] [24] MediaBrowser.Controller.Entities.BaseItem: Library folder "/config/data/data/playlists" is inaccessible or empty, skipping
[2024-10-28 04:30:42.700 +00:00] [INF] [24] Emby.Server.Implementations.ScheduledTasks.TaskManager: "Escanear biblioteca de medios" Completed after 0 minute(s) and 0 seconds
[2024-10-28 04:30:42.870 +00:00] [INF] [22] Emby.Server.Implementations.Library.LibraryManager: Validating media library
[2024-10-28 04:30:42.872 +00:00] [WRN] [22] MediaBrowser.Controller.Entities.BaseItem: Library folder "/data/peliculas" is inaccessible or empty, skipping
[2024-10-28 04:30:42.873 +00:00] [WRN] [22] MediaBrowser.Controller.Entities.BaseItem: Library folder "/config/data/data/playlists" is inaccessible or empty, skipping
[2024-10-28 04:30:42.877 +00:00] [WRN] [22] MediaBrowser.Controller.Entities.BaseItem: Library folder "/data/peliculas" is inaccessible or empty, skipping
[2024-10-28 04:30:42.878 +00:00] [WRN] [22] MediaBrowser.Controller.Entities.BaseItem: Library folder "/config/data/data/playlists" is inaccessible or empty, skipping
[2024-10-28 04:30:42.880 +00:00] [INF] [22] Emby.Server.Implementations.ScheduledTasks.TaskManager: "Escanear biblioteca de medios" Completed after 0 minute(s) and 0 seconds
[2024-10-28 04:30:43.040 +00:00] [INF] [22] Emby.Server.Implementations.Library.LibraryManager: Validating media library
[2024-10-28 04:30:43.042 +00:00] [WRN] [22] MediaBrowser.Controller.Entities.BaseItem: Library folder "/data/peliculas" is inaccessible or empty, skipping
[2024-10-28 04:30:43.046 +00:00] [WRN] [22] MediaBrowser.Controller.Entities.BaseItem: Library folder "/config/data/data/playlists" is inaccessible or empty, skipping
[2024-10-28 04:30:43.051 +00:00] [WRN] [24] MediaBrowser.Controller.Entities.BaseItem: Library folder "/data/peliculas" is inaccessible or empty, skipping
[2024-10-28 04:30:43.052 +00:00] [WRN] [24] MediaBrowser.Controller.Entities.BaseItem: Library folder "/config/data/data/playlists" is inaccessible or empty, skipping
[2024-10-28 04:30:43.054 +00:00] [INF] [24] Emby.Server.Implementations.ScheduledTasks.TaskManager: "Escanear biblioteca de medios" Completed after 0 minute(s) and 0 seconds
[2024-10-28 04:30:43.208 +00:00] [INF] [24] Emby.Server.Implementations.Library.LibraryManager: Validating media library
[2024-10-28 04:30:43.209 +00:00] [WRN] [24] MediaBrowser.Controller.Entities.BaseItem: Library folder "/data/peliculas" is inaccessible or empty, skipping
[2024-10-28 04:30:43.209 +00:00] [WRN] [24] MediaBrowser.Controller.Entities.BaseItem: Library folder "/config/data/data/playlists" is inaccessible or empty, skipping
[2024-10-28 04:30:43.213 +00:00] [WRN] [24] MediaBrowser.Controller.Entities.BaseItem: Library folder "/data/peliculas" is inaccessible or empty, skipping
[2024-10-28 04:30:43.214 +00:00] [WRN] [24] MediaBrowser.Controller.Entities.BaseItem: Library folder "/config/data/data/playlists" is inaccessible or empty, skipping
[2024-10-28 04:30:43.216 +00:00] [INF] [24] Emby.Server.Implementations.ScheduledTasks.TaskManager: "Escanear biblioteca de medios" Completed after 0 minute(s) and 0 seconds
[2024-10-28 04:30:43.376 +00:00] [INF] [24] Emby.Server.Implementations.Library.LibraryManager: Validating media library
[2024-10-28 04:30:43.378 +00:00] [WRN] [24] MediaBrowser.Controller.Entities.BaseItem: Library folder "/data/peliculas" is inaccessible or empty, skipping
[2024-10-28 04:30:43.378 +00:00] [WRN] [24] MediaBrowser.Controller.Entities.BaseItem: Library folder "/config/data/data/playlists" is inaccessible or empty, skipping
[2024-10-28 04:30:43.383 +00:00] [WRN] [24] MediaBrowser.Controller.Entities.BaseItem: Library folder "/data/peliculas" is inaccessible or empty, skipping
[2024-10-28 04:30:43.383 +00:00] [WRN] [24] MediaBrowser.Controller.Entities.BaseItem: Library folder "/config/data/data/playlists" is inaccessible or empty, skipping
[2024-10-28 04:30:43.385 +00:00] [INF] [24] Emby.Server.Implementations.ScheduledTasks.TaskManager: "Escanear biblioteca de medios" Completed after 0 minute(s) and 0 seconds
[2024-10-28 04:30:43.559 +00:00] [INF] [24] Emby.Server.Implementations.Library.LibraryManager: Validating media library
[2024-10-28 04:30:43.561 +00:00] [WRN] [24] MediaBrowser.Controller.Entities.BaseItem: Library folder "/data/peliculas" is inaccessible or empty, skipping
[2024-10-28 04:30:43.561 +00:00] [WRN] [24] MediaBrowser.Controller.Entities.BaseItem: Library folder "/config/data/data/playlists" is inaccessible or empty, skipping
[2024-10-28 04:30:43.566 +00:00] [WRN] [21] MediaBrowser.Controller.Entities.BaseItem: Library folder "/data/peliculas" is inaccessible or empty, skipping
[2024-10-28 04:30:43.567 +00:00] [WRN] [21] MediaBrowser.Controller.Entities.BaseItem: Library folder "/config/data/data/playlists" is inaccessible or empty, skipping
[2024-10-28 04:30:43.568 +00:00] [INF] [21] Emby.Server.Implementations.ScheduledTasks.TaskManager: "Escanear biblioteca de medios" Completed after 0 minute(s) and 0 seconds
[2024-10-28 04:30:43.719 +00:00] [INF] [24] Emby.Server.Implementations.Library.LibraryManager: Validating media library
[2024-10-28 04:30:43.721 +00:00] [WRN] [24] MediaBrowser.Controller.Entities.BaseItem: Library folder "/data/peliculas" is inaccessible or empty, skipping
[2024-10-28 04:30:43.722 +00:00] [WRN] [24] MediaBrowser.Controller.Entities.BaseItem: Library folder "/config/data/data/playlists" is inaccessible or empty, skipping
[2024-10-28 04:30:43.726 +00:00] [WRN] [24] MediaBrowser.Controller.Entities.BaseItem: Library folder "/data/peliculas" is inaccessible or empty, skipping
[2024-10-28 04:30:43.726 +00:00] [WRN] [24] MediaBrowser.Controller.Entities.BaseItem: Library folder "/config/data/data/playlists" is inaccessible or empty, skipping
[2024-10-28 04:30:43.728 +00:00] [INF] [24] Emby.Server.Implementations.ScheduledTasks.TaskManager: "Escanear biblioteca de medios" Completed after 0 minute(s) and 0 seconds
[2024-10-28 04:30:43.872 +00:00] [INF] [21] Emby.Server.Implementations.Library.LibraryManager: Validating media library
[2024-10-28 04:30:43.875 +00:00] [WRN] [21] MediaBrowser.Controller.Entities.BaseItem: Library folder "/data/peliculas" is inaccessible or empty, skipping
[2024-10-28 04:30:43.876 +00:00] [WRN] [21] MediaBrowser.Controller.Entities.BaseItem: Library folder "/config/data/data/playlists" is inaccessible or empty, skipping
[2024-10-28 04:30:43.881 +00:00] [WRN] [21] MediaBrowser.Controller.Entities.BaseItem: Library folder "/data/peliculas" is inaccessible or empty, skipping
[2024-10-28 04:30:43.882 +00:00] [WRN] [21] MediaBrowser.Controller.Entities.BaseItem: Library folder "/config/data/data/playlists" is inaccessible or empty, skipping
[2024-10-28 04:30:43.885 +00:00] [INF] [21] Emby.Server.Implementations.ScheduledTasks.TaskManager: "Escanear biblioteca de medios" Completed after 0 minute(s) and 0 seconds
[2024-10-28 04:31:06.439 +00:00] [INF] [6] Emby.Server.Implementations.Library.LibraryManager: Validating media library
[2024-10-28 04:31:06.441 +00:00] [WRN] [6] MediaBrowser.Controller.Entities.BaseItem: Library folder "/config/data/data/playlists" is inaccessible or empty, skipping
[2024-10-28 04:31:06.445 +00:00] [WRN] [6] MediaBrowser.Controller.Entities.BaseItem: Library folder "/config/data/data/playlists" is inaccessible or empty, skipping
[2024-10-28 04:31:06.447 +00:00] [INF] [6] Emby.Server.Implementations.ScheduledTasks.TaskManager: "Escanear biblioteca de medios" Completed after 0 minute(s) and 0 seconds
[2024-10-28 04:31:15.441 +00:00] [INF] [22] Emby.Server.Implementations.Library.LibraryManager: Validating media library
[2024-10-28 04:31:15.443 +00:00] [WRN] [22] MediaBrowser.Controller.Entities.BaseItem: Library folder "/data/peliculas" is inaccessible or empty, skipping
[2024-10-28 04:31:15.443 +00:00] [WRN] [22] MediaBrowser.Controller.Entities.BaseItem: Library folder "/config/data/data/playlists" is inaccessible or empty, skipping
[2024-10-28 04:31:15.449 +00:00] [WRN] [21] MediaBrowser.Controller.Entities.BaseItem: Library folder "/data/peliculas" is inaccessible or empty, skipping
[2024-10-28 04:31:15.449 +00:00] [WRN] [21] MediaBrowser.Controller.Entities.BaseItem: Library folder "/config/data/data/playlists" is inaccessible or empty, skipping
[2024-10-28 04:31:15.451 +00:00] [INF] [6] Emby.Server.Implementations.ScheduledTasks.TaskManager: "Escanear biblioteca de medios" Completed after 0 minute(s) and 0 seconds
[2024-10-28 04:32:27.624 +00:00] [INF] [16] Emby.Server.Implementations.Session.SessionManager: Sending shutdown notifications
[2024-10-28 04:32:27.696 +00:00] [INF] [17] Emby.Server.Implementations.HttpServer.WebSocketManager: WS "181.129.215.156" closed
[2024-10-28 04:32:27.702 +00:00] [INF] [23] Jellyfin.Networking.PortForwardingHost: Stopping NAT discovery
[2024-10-28 04:32:27.706 +00:00] [INF] [17] Main: Running query planner optimizations in the database... This might take a while
[2024-10-28 04:32:27.736 +00:00] [INF] [17] Emby.Server.Implementations.ApplicationHost: Disposing "CoreAppHost"
[2024-10-28 04:32:27.736 +00:00] [INF] [17] Emby.Server.Implementations.ApplicationHost: Disposing "MusicBrainzArtistProvider"
[2024-10-28 04:32:27.736 +00:00] [INF] [17] Emby.Server.Implementations.ApplicationHost: Disposing "MusicBrainzAlbumProvider"
[2024-10-28 04:32:27.737 +00:00] [INF] [17] Emby.Server.Implementations.ApplicationHost: Disposing "PluginManager"
[2024-10-28 04:32:31.694 +00:00] [INF] [1] Main: Jellyfin version: "10.10.0"
[2024-10-28 04:32:31.715 +00:00] [INF] [1] Main: Environment Variables: ["[JELLYFIN_LOG_DIR, /config/log]", "[JELLYFIN_PublishedServerUrl, https://jellyfin.bramen.org]", "[JELLYFIN_CACHE_DIR, /config/cache]", "[JELLYFIN_CONFIG_DIR, /config]", "[JELLYFIN_WEB_DIR, /usr/share/jellyfin/web]", "[JELLYFIN_DATA_DIR, /config/data]"]
[2024-10-28 04:32:31.717 +00:00] [INF] [1] Main: Arguments: ["/usr/lib/jellyfin/bin/jellyfin.dll", "--ffmpeg=/usr/lib/jellyfin-ffmpeg/ffmpeg"]
[2024-10-28 04:32:31.718 +00:00] [INF] [1] Main: Operating system: "Ubuntu 24.04.1 LTS"
[2024-10-28 04:32:31.718 +00:00] [INF] [1] Main: Architecture: X64
[2024-10-28 04:32:31.718 +00:00] [INF] [1] Main: 64-Bit Process: True
[2024-10-28 04:32:31.719 +00:00] [INF] [1] Main: User Interactive: True
[2024-10-28 04:32:31.719 +00:00] [INF] [1] Main: Processor count: 2
[2024-10-28 04:32:31.719 +00:00] [INF] [1] Main: Program data path: "/config/data"
[2024-10-28 04:32:31.719 +00:00] [INF] [1] Main: Log directory path: "/config/log"
[2024-10-28 04:32:31.719 +00:00] [INF] [1] Main: Config directory path: "/config"
[2024-10-28 04:32:31.719 +00:00] [INF] [1] Main: Cache path: "/config/cache"
[2024-10-28 04:32:31.719 +00:00] [INF] [1] Main: Temp directory path: "/tmp/jellyfin"
[2024-10-28 04:32:31.719 +00:00] [INF] [1] Main: Web resources path: "/usr/share/jellyfin/web"
[2024-10-28 04:32:31.720 +00:00] [INF] [1] Main: Application directory: "/usr/lib/jellyfin/bin/"
[2024-10-28 04:32:31.868 +00:00] [INF] [1] Emby.Server.Implementations.AppBase.BaseConfigurationManager: Setting cache path: "/config/cache"
[2024-10-28 04:32:31.902 +00:00] [INF] [1] Emby.Server.Implementations.ApplicationHost: Loading assemblies
[2024-10-28 04:32:31.994 +00:00] [INF] [1] Jellyfin.Networking.Manager.NetworkManager: Defined LAN subnets: ["127.0.0.1/8", "10.0.0.0/8", "172.16.0.0/12", "192.168.0.0/16"]
[2024-10-28 04:32:31.994 +00:00] [INF] [1] Jellyfin.Networking.Manager.NetworkManager: Defined LAN exclusions: []
[2024-10-28 04:32:31.995 +00:00] [INF] [1] Jellyfin.Networking.Manager.NetworkManager: Used LAN subnets: ["127.0.0.1/8", "10.0.0.0/8", "172.16.0.0/12", "192.168.0.0/16"]
[2024-10-28 04:32:31.996 +00:00] [INF] [1] Jellyfin.Networking.Manager.NetworkManager: Filtered interface addresses: ["127.0.0.1", "172.18.0.3"]
[2024-10-28 04:32:31.997 +00:00] [INF] [1] Jellyfin.Networking.Manager.NetworkManager: Bind Addresses ["0.0.0.0"]
[2024-10-28 04:32:31.997 +00:00] [INF] [1] Jellyfin.Networking.Manager.NetworkManager: Remote IP filter is "Allowlist"
[2024-10-28 04:32:31.997 +00:00] [INF] [1] Jellyfin.Networking.Manager.NetworkManager: Filtered subnets: []
[2024-10-28 04:32:33.568 +00:00] [INF] [1] Emby.Server.Implementations.Plugins.PluginManager: Loaded plugin: "TMDb" "10.10.0.0"
[2024-10-28 04:32:33.568 +00:00] [INF] [1] Emby.Server.Implementations.Plugins.PluginManager: Loaded plugin: "Studio Images" "10.10.0.0"
[2024-10-28 04:32:33.569 +00:00] [INF] [1] Emby.Server.Implementations.Plugins.PluginManager: Loaded plugin: "OMDb" "10.10.0.0"
[2024-10-28 04:32:33.588 +00:00] [INF] [1] Emby.Server.Implementations.Plugins.PluginManager: Loaded plugin: "MusicBrainz" "10.10.0.0"
[2024-10-28 04:32:33.589 +00:00] [INF] [1] Emby.Server.Implementations.Plugins.PluginManager: Loaded plugin: "AudioDB" "10.10.0.0"
[2024-10-28 04:32:33.685 +00:00] [INF] [1] Main: Kestrel is listening on "0.0.0.0"
[2024-10-28 04:32:34.268 +00:00] [WRN] [1] Microsoft.AspNetCore.StaticFiles.StaticFileMiddleware: The WebRootPath was not found: "/run/s6-rc:s6-rc-init:jpMdjm/servicedirs/svc-jellyfin/wwwroot". Static files may be unavailable.
[2024-10-28 04:32:34.296 +00:00] [INF] [1] Emby.Server.Implementations.ApplicationHost: Running startup tasks
[2024-10-28 04:32:34.308 +00:00] [INF] [1] Emby.Server.Implementations.ScheduledTasks.TaskManager: Daily trigger for "Generar imágenes de la barra de reproducción" set to fire at 2024-10-29 03:00:00.000 +00:00, which is 22:27:25.6912096 from now.
[2024-10-28 04:32:34.312 +00:00] [INF] [1] Emby.Server.Implementations.ScheduledTasks.TaskManager: Daily trigger for "Extraer imágenes de los capítulos" set to fire at 2024-10-29 02:00:00.000 +00:00, which is 21:27:25.6875699 from now.
[2024-10-28 04:32:34.351 +00:00] [INF] [1] MediaBrowser.MediaEncoding.Encoder.MediaEncoder: Found ffmpeg version "7.0.2"
[2024-10-28 04:32:34.403 +00:00] [INF] [1] MediaBrowser.MediaEncoding.Encoder.MediaEncoder: Available "decoders": ["libdav1d", "av1", "av1_cuvid", "av1_qsv", "h264", "h264_qsv", "h264_cuvid", "hevc", "hevc_qsv", "hevc_cuvid", "mpeg2video", "mpeg2_qsv", "mpeg2_cuvid", "mpeg4", "mpeg4_cuvid", "msmpeg4", "vc1_qsv", "vc1_cuvid", "vp8", "libvpx", "vp8_cuvid", "vp8_qsv", "vp9", "libvpx-vp9", "vp9_cuvid", "vp9_qsv", "aac", "ac3", "ac4", "dca", "flac", "mp3", "truehd"]
[2024-10-28 04:32:34.426 +00:00] [INF] [1] MediaBrowser.MediaEncoding.Encoder.MediaEncoder: Available "encoders": ["libsvtav1", "av1_nvenc", "av1_qsv", "av1_amf", "av1_vaapi", "libx264", "h264_amf", "h264_nvenc", "h264_qsv", "h264_v4l2m2m", "h264_vaapi", "libx265", "hevc_amf", "hevc_nvenc", "hevc_qsv", "hevc_vaapi", "mjpeg_qsv", "mjpeg_vaapi", "aac", "libfdk_aac", "ac3", "alac", "dca", "flac", "libmp3lame", "libopus", "truehd", "libvorbis", "srt"]
[2024-10-28 04:32:34.447 +00:00] [INF] [1] MediaBrowser.MediaEncoding.Encoder.MediaEncoder: Available filters: ["bwdif_cuda", "deinterlace_qsv", "deinterlace_vaapi", "flip_vulkan", "hwupload_cuda", "hwupload_vaapi", "libplacebo", "overlay_opencl", "overlay_qsv", "overlay_vaapi", "overlay_vulkan", "overlay_cuda", "procamp_vaapi", "scale_cuda", "scale_opencl", "scale_qsv", "scale_vaapi", "scale_vulkan", "tonemapx", "tonemap_cuda", "tonemap_opencl", "tonemap_vaapi", "transpose_cuda", "transpose_opencl", "transpose_vaapi", "transpose_vulkan", "vpp_qsv", "yadif_cuda", "zscale", "alphasrc"]
[2024-10-28 04:32:34.593 +00:00] [INF] [1] MediaBrowser.MediaEncoding.Encoder.MediaEncoder: Available hwaccel types: ["cuda", "vaapi", "qsv", "drm", "opencl", "vulkan"]
[2024-10-28 04:32:37.331 +00:00] [INF] [8] Emby.Server.Implementations.ScheduledTasks.TaskManager: "Limpiar el directorio de transcodificaciones" Completed after 0 minute(s) and 0 seconds
[2024-10-28 04:32:37.334 +00:00] [INF] [10] Emby.Server.Implementations.ScheduledTasks.TaskManager: "Limpieza de colecciones y listas de reproducción" Completed after 0 minute(s) and 0 seconds
[2024-10-28 04:32:38.328 +00:00] [INF] [10] Emby.Server.Implementations.ScheduledTasks.TaskManager: "Actualizar complementos" Completed after 0 minute(s) and 0 seconds
[2024-10-28 04:32:42.869 +00:00] [INF] [15] Emby.Server.Implementations.HttpServer.WebSocketManager: WS "181.129.215.156" request
[2024-10-28 04:32:45.733 +00:00] [INF] [1] MediaBrowser.MediaEncoding.Encoder.MediaEncoder: FFmpeg: "/usr/lib/jellyfin-ffmpeg/ffmpeg"
[2024-10-28 04:32:45.734 +00:00] [INF] [1] Emby.Server.Implementations.ApplicationHost: ServerId: "bd4df2b0327c456a8d8ebc92f8f87a9c"
[2024-10-28 04:32:45.734 +00:00] [INF] [1] Emby.Server.Implementations.ApplicationHost: Core startup complete
[2024-10-28 04:32:45.734 +00:00] [INF] [1] Main: Startup complete 0:00:14.1927351
[2024-10-28 04:32:45.973 +00:00] [INF] [8] Emby.Server.Implementations.Library.LibraryManager: Validating media library
[2024-10-28 04:32:46.232 +00:00] [WRN] [8] MediaBrowser.Controller.Entities.BaseItem: Library folder "/config/data/data/playlists" is inaccessible or empty, skipping
[2024-10-28 04:32:46.317 +00:00] [WRN] [8] MediaBrowser.Controller.Entities.BaseItem: Library folder "/config/data/data/playlists" is inaccessible or empty, skipping
[2024-10-28 04:32:46.554 +00:00] [INF] [16] MediaBrowser.MediaEncoding.Encoder.MediaEncoder: Starting "/usr/lib/jellyfin-ffmpeg/ffprobe" with args "-analyzeduration 200M -probesize 1G -i file:\"/data/peliculas/Barbie.y.la.magia.del.pegaso.2005.WEB-DL.1080p-Dual-Lat.mkv\" -threads 0 -v warning -print_format json -show_streams -show_chapters -show_format"
[2024-10-28 04:32:46.554 +00:00] [INF] [8] MediaBrowser.MediaEncoding.Encoder.MediaEncoder: Starting "/usr/lib/jellyfin-ffmpeg/ffprobe" with args "-analyzeduration 200M -probesize 1G -i file:\"/data/peliculas/Barbie (2023).1080p.dual-lat.cinecalidad.com.mx.mp4\" -threads 0 -v warning -print_format json -show_streams -show_chapters -show_format"
[2024-10-28 04:32:53.864 +00:00] [INF] [15] MediaBrowser.MediaEncoding.Encoder.MediaEncoder: Starting "/usr/lib/jellyfin-ffmpeg/ffprobe" with args "-analyzeduration 200M -probesize 1G -i file:\"/data/peliculas/Barbie.y.la.magia.del.pegaso.2005.WEB-DL.1080p-Dual-Lat.mp4\" -threads 0 -v warning -print_format json -show_streams -show_chapters -show_format"
[2024-10-28 04:32:55.545 +00:00] [ERR] [15] MediaBrowser.Providers.Movies.MovieMetadataService: Error in "Probe Provider"
MediaBrowser.Common.FfmpegException: ffprobe failed - streams and format are both null.
   at MediaBrowser.MediaEncoding.Encoder.MediaEncoder.GetMediaInfoInternal(String inputPath, String primaryPath, MediaProtocol protocol, Boolean extractChapters, String probeSizeArgument, Boolean isAudio, Nullable`1 videoType, CancellationToken cancellationToken)
   at MediaBrowser.MediaEncoding.Encoder.MediaEncoder.GetMediaInfoInternal(String inputPath, String primaryPath, MediaProtocol protocol, Boolean extractChapters, String probeSizeArgument, Boolean isAudio, Nullable`1 videoType, CancellationToken cancellationToken)
   at MediaBrowser.Providers.MediaInfo.FFProbeVideoInfo.ProbeVideo[T](T item, MetadataRefreshOptions options, CancellationToken cancellationToken)
   at MediaBrowser.Providers.Manager.MetadataService`2.RunCustomProvider(ICustomMetadataProvider`1 provider, TItemType item, String logName, MetadataRefreshOptions options, RefreshResult refreshResult, CancellationToken cancellationToken)
[2024-10-28 04:32:55.622 +00:00] [INF] [12] MediaBrowser.MediaEncoding.Encoder.MediaEncoder: Starting "/usr/lib/jellyfin-ffmpeg/ffprobe" with args "-analyzeduration 200M -probesize 1G -i file:\"/data/peliculas/Black.widow.2021.1080p-dual-lat-cinecalidad.re.mp4\" -threads 0 -v warning -print_format json -show_streams -show_chapters -show_format"
[2024-10-28 04:32:57.495 +00:00] [INF] [18] MediaBrowser.MediaEncoding.Encoder.MediaEncoder: Starting "/usr/lib/jellyfin-ffmpeg/ffprobe" with args "-analyzeduration 200M -probesize 1G -i file:\"/data/peliculas/Blade.Cazador.de.Vampiros.1998.1080p-Dual-Lat.mp4\" -threads 0 -v warning -print_format json -show_streams -show_chapters -show_format"
[2024-10-28 04:32:58.264 +00:00] [ERR] [18] MediaBrowser.Providers.Movies.MovieMetadataService: Error in "Probe Provider"
MediaBrowser.Common.FfmpegException: ffprobe failed - streams and format are both null.
   at MediaBrowser.MediaEncoding.Encoder.MediaEncoder.GetMediaInfoInternal(String inputPath, String primaryPath, MediaProtocol protocol, Boolean extractChapters, String probeSizeArgument, Boolean isAudio, Nullable`1 videoType, CancellationToken cancellationToken)
   at MediaBrowser.MediaEncoding.Encoder.MediaEncoder.GetMediaInfoInternal(String inputPath, String primaryPath, MediaProtocol protocol, Boolean extractChapters, String probeSizeArgument, Boolean isAudio, Nullable`1 videoType, CancellationToken cancellationToken)
   at MediaBrowser.Providers.MediaInfo.FFProbeVideoInfo.ProbeVideo[T](T item, MetadataRefreshOptions options, CancellationToken cancellationToken)
   at MediaBrowser.Providers.Manager.MetadataService`2.RunCustomProvider(ICustomMetadataProvider`1 provider, TItemType item, String logName, MetadataRefreshOptions options, RefreshResult refreshResult, CancellationToken cancellationToken)
[2024-10-28 04:32:59.059 +00:00] [INF] [12] MediaBrowser.MediaEncoding.Encoder.MediaEncoder: Starting "/usr/lib/jellyfin-ffmpeg/ffprobe" with args "-analyzeduration 200M -probesize 1G -i file:\"/data/peliculas/Cazadores en tierra inhóspita (2024).1080p.dual-lat.cinecalidad.com.mx.mp4\" -threads 0 -v warning -print_format json -show_streams -show_chapters -show_format"
[2024-10-28 04:33:07.922 +00:00] [INF] [20] MediaBrowser.MediaEncoding.Encoder.MediaEncoder: Starting "/usr/lib/jellyfin-ffmpeg/ffprobe" with args "-analyzeduration 200M -probesize 1G -i file:\"/data/peliculas/Deadpool.&.Wolverine.2024.1080p-Dual-Lat.mkv\" -threads 0 -v warning -print_format json -show_streams -show_chapters -show_format"
[2024-10-28 04:33:08.041 +00:00] [INF] [12] MediaBrowser.MediaEncoding.Encoder.MediaEncoder: Starting "/usr/lib/jellyfin-ffmpeg/ffprobe" with args "-analyzeduration 200M -probesize 1G -i file:\"/data/peliculas/Deadpool.&.Wolverine.2024.1080p-Dual-Lat.mp4\" -threads 0 -v warning -print_format json -show_streams -show_chapters -show_format"
[2024-10-28 04:33:09.469 +00:00] [ERR] [12] MediaBrowser.Providers.Movies.MovieMetadataService: Error in "Probe Provider"
MediaBrowser.Common.FfmpegException: ffprobe failed - streams and format are both null.
   at MediaBrowser.MediaEncoding.Encoder.MediaEncoder.GetMediaInfoInternal(String inputPath, String primaryPath, MediaProtocol protocol, Boolean extractChapters, String probeSizeArgument, Boolean isAudio, Nullable`1 videoType, CancellationToken cancellationToken)
   at MediaBrowser.MediaEncoding.Encoder.MediaEncoder.GetMediaInfoInternal(String inputPath, String primaryPath, MediaProtocol protocol, Boolean extractChapters, String probeSizeArgument, Boolean isAudio, Nullable`1 videoType, CancellationToken cancellationToken)
   at MediaBrowser.Providers.MediaInfo.FFProbeVideoInfo.ProbeVideo[T](T item, MetadataRefreshOptions options, CancellationToken cancellationToken)
   at MediaBrowser.Providers.Manager.MetadataService`2.RunCustomProvider(ICustomMetadataProvider`1 provider, TItemType item, String logName, MetadataRefreshOptions options, RefreshResult refreshResult, CancellationToken cancellationToken)
[2024-10-28 04:33:09.863 +00:00] [ERR] [18] Emby.Server.Implementations.Library.LibraryManager: Cannot compute blurhash for "/config/data/metadata/People/M/Matthew Macfadyen/folder.jpg"
System.NullReferenceException: Object reference not set to an instance of an object.
   at BlurHashSharp.SkiaSharp.BlurHashEncoder.Encode(Int32 xComponent, Int32 yComponent, String filename, Int32 maxWidth, Int32 maxHeight)
   at Jellyfin.Drawing.Skia.SkiaEncoder.GetImageBlurHash(Int32 xComp, Int32 yComp, String path)
   at Emby.Server.Implementations.Library.LibraryManager.UpdateImagesAsync(BaseItem item, Boolean forceUpdate)
[2024-10-28 04:33:09.943 +00:00] [ERR] [18] Emby.Server.Implementations.Library.LibraryManager: Cannot compute blurhash for "/config/data/metadata/People/D/Dafne Keen/folder.jpg"
System.NullReferenceException: Object reference not set to an instance of an object.
   at BlurHashSharp.SkiaSharp.BlurHashEncoder.Encode(Int32 xComponent, Int32 yComponent, String filename, Int32 maxWidth, Int32 maxHeight)
   at Jellyfin.Drawing.Skia.SkiaEncoder.GetImageBlurHash(Int32 xComp, Int32 yComp, String path)
   at Emby.Server.Implementations.Library.LibraryManager.UpdateImagesAsync(BaseItem item, Boolean forceUpdate)
[2024-10-28 04:33:10.002 +00:00] [ERR] [18] Emby.Server.Implementations.Library.LibraryManager: Cannot compute blurhash for "/config/data/metadata/People/D/Dafne Keen/folder.jpg"
System.NullReferenceException: Object reference not set to an instance of an object.
   at BlurHashSharp.SkiaSharp.BlurHashEncoder.Encode(Int32 xComponent, Int32 yComponent, String filename, Int32 maxWidth, Int32 maxHeight)
   at Jellyfin.Drawing.Skia.SkiaEncoder.GetImageBlurHash(Int32 xComp, Int32 yComp, String path)
   at Emby.Server.Implementations.Library.LibraryManager.UpdateImagesAsync(BaseItem item, Boolean forceUpdate)
[2024-10-28 04:33:10.164 +00:00] [ERR] [18] Emby.Server.Implementations.Library.LibraryManager: Cannot compute blurhash for "/config/data/metadata/People/J/Jennifer Garner/folder.jpg"
System.NullReferenceException: Object reference not set to an instance of an object.
   at BlurHashSharp.SkiaSharp.BlurHashEncoder.Encode(Int32 xComponent, Int32 yComponent, String filename, Int32 maxWidth, Int32 maxHeight)
   at Jellyfin.Drawing.Skia.SkiaEncoder.GetImageBlurHash(Int32 xComp, Int32 yComp, String path)
   at Emby.Server.Implementations.Library.LibraryManager.UpdateImagesAsync(BaseItem item, Boolean forceUpdate)
[2024-10-28 04:33:10.238 +00:00] [ERR] [18] Emby.Server.Implementations.Library.LibraryManager: Cannot compute blurhash for "/config/data/metadata/People/C/Channing Tatum/folder.jpg"
System.NullReferenceException: Object reference not set to an instance of an object.
   at BlurHashSharp.SkiaSharp.BlurHashEncoder.Encode(Int32 xComponent, Int32 yComponent, String filename, Int32 maxWidth, Int32 maxHeight)
   at Jellyfin.Drawing.Skia.SkiaEncoder.GetImageBlurHash(Int32 xComp, Int32 yComp, String path)
   at Emby.Server.Implementations.Library.LibraryManager.UpdateImagesAsync(BaseItem item, Boolean forceUpdate)
[2024-10-28 04:33:10.279 +00:00] [ERR] [18] Emby.Server.Implementations.Library.LibraryManager: Cannot compute blurhash for "/config/data/metadata/People/C/Chris Evans/folder.jpg"
System.NullReferenceException: Object reference not set to an instance of an object.
   at BlurHashSharp.SkiaSharp.BlurHashEncoder.Encode(Int32 xComponent, Int32 yComponent, String filename, Int32 maxWidth, Int32 maxHeight)
   at Jellyfin.Drawing.Skia.SkiaEncoder.GetImageBlurHash(Int32 xComp, Int32 yComp, String path)
   at Emby.Server.Implementations.Library.LibraryManager.UpdateImagesAsync(BaseItem item, Boolean forceUpdate)
[2024-10-28 04:33:10.323 +00:00] [ERR] [18] Emby.Server.Implementations.Library.LibraryManager: Cannot compute blurhash for "/config/data/metadata/People/H/Henry Cavill/folder.jpg"
System.NullReferenceException: Object reference not set to an instance of an object.
   at BlurHashSharp.SkiaSharp.BlurHashEncoder.Encode(Int32 xComponent, Int32 yComponent, String filename, Int32 maxWidth, Int32 maxHeight)
   at Jellyfin.Drawing.Skia.SkiaEncoder.GetImageBlurHash(Int32 xComp, Int32 yComp, String path)
   at Emby.Server.Implementations.Library.LibraryManager.UpdateImagesAsync(BaseItem item, Boolean forceUpdate)
[2024-10-28 04:33:10.325 +00:00] [ERR] [18] Emby.Server.Implementations.Library.LibraryManager: Cannot compute blurhash for "/config/data/metadata/People/H/Henry Cavill/folder.jpg"
System.NullReferenceException: Object reference not set to an instance of an object.
   at BlurHashSharp.SkiaSharp.BlurHashEncoder.Encode(Int32 xComponent, Int32 yComponent, String filename, Int32 maxWidth, Int32 maxHeight)
   at Jellyfin.Drawing.Skia.SkiaEncoder.GetImageBlurHash(Int32 xComp, Int32 yComp, String path)
   at Emby.Server.Implementations.Library.LibraryManager.UpdateImagesAsync(BaseItem item, Boolean forceUpdate)
[2024-10-28 04:33:10.400 +00:00] [ERR] [18] Emby.Server.Implementations.Library.LibraryManager: Cannot compute blurhash for "/config/data/metadata/People/P/Paul Wernick/folder.jpg"
System.NullReferenceException: Object reference not set to an instance of an object.
   at BlurHashSharp.SkiaSharp.BlurHashEncoder.Encode(Int32 xComponent, Int32 yComponent, String filename, Int32 maxWidth, Int32 maxHeight)
   at Jellyfin.Drawing.Skia.SkiaEncoder.GetImageBlurHash(Int32 xComp, Int32 yComp, String path)
   at Emby.Server.Implementations.Library.LibraryManager.UpdateImagesAsync(BaseItem item, Boolean forceUpdate)
[2024-10-28 04:33:10.450 +00:00] [ERR] [18] Emby.Server.Implementations.Library.LibraryManager: Cannot compute blurhash for "/config/data/metadata/People/M/Mary McLaglen/folder.jpg"
System.NullReferenceException: Object reference not set to an instance of an object.
   at BlurHashSharp.SkiaSharp.BlurHashEncoder.Encode(Int32 xComponent, Int32 yComponent, String filename, Int32 maxWidth, Int32 maxHeight)
   at Jellyfin.Drawing.Skia.SkiaEncoder.GetImageBlurHash(Int32 xComp, Int32 yComp, String path)
   at Emby.Server.Implementations.Library.LibraryManager.UpdateImagesAsync(BaseItem item, Boolean forceUpdate)
[2024-10-28 04:33:10.471 +00:00] [ERR] [12] Emby.Server.Implementations.Library.LibraryManager: Cannot compute blurhash for "/config/data/metadata/People/S/Simon Kinberg/folder.jpg"
System.NullReferenceException: Object reference not set to an instance of an object.
   at BlurHashSharp.SkiaSharp.BlurHashEncoder.Encode(Int32 xComponent, Int32 yComponent, String filename, Int32 maxWidth, Int32 maxHeight)
   at Jellyfin.Drawing.Skia.SkiaEncoder.GetImageBlurHash(Int32 xComp, Int32 yComp, String path)
   at Emby.Server.Implementations.Library.LibraryManager.UpdateImagesAsync(BaseItem item, Boolean forceUpdate)
[2024-10-28 04:33:10.485 +00:00] [ERR] [12] Jellyfin.Drawing.Skia.SkiaEncoder: Unable to determine image dimensions for "/config/data/metadata/People/G/George Dewey/folder.jpg": IncompleteInput
[2024-10-28 04:33:10.513 +00:00] [ERR] [12] Emby.Server.Implementations.Library.LibraryManager: Cannot compute blurhash for "/config/data/metadata/People/J/Jonathon Komack Martin/folder.jpg"
System.NullReferenceException: Object reference not set to an instance of an object.
   at BlurHashSharp.SkiaSharp.BlurHashEncoder.Encode(Int32 xComponent, Int32 yComponent, String filename, Int32 maxWidth, Int32 maxHeight)
   at Jellyfin.Drawing.Skia.SkiaEncoder.GetImageBlurHash(Int32 xComp, Int32 yComp, String path)
   at Emby.Server.Implementations.Library.LibraryManager.UpdateImagesAsync(BaseItem item, Boolean forceUpdate)
[2024-10-28 04:33:10.524 +00:00] [ERR] [18] Jellyfin.Drawing.Skia.SkiaEncoder: Unable to determine image dimensions for "/config/data/metadata/People/Z/Zeb Wells/folder.jpg": IncompleteInput
[2024-10-28 04:33:10.583 +00:00] [ERR] [12] Emby.Server.Implementations.Library.LibraryManager: Cannot compute blurhash for "/config/data/metadata/People/R/Rob Liefeld/folder.jpg"
System.NullReferenceException: Object reference not set to an instance of an object.
   at BlurHashSharp.SkiaSharp.BlurHashEncoder.Encode(Int32 xComponent, Int32 yComponent, String filename, Int32 maxWidth, Int32 maxHeight)
   at Jellyfin.Drawing.Skia.SkiaEncoder.GetImageBlurHash(Int32 xComp, Int32 yComp, String path)
   at Emby.Server.Implementations.Library.LibraryManager.UpdateImagesAsync(BaseItem item, Boolean forceUpdate)
[2024-10-28 04:33:10.607 +00:00] [ERR] [18] Jellyfin.Drawing.Skia.SkiaEncoder: Unable to determine image dimensions for "/config/data/metadata/People/J/Joe Simon/folder.jpg": IncompleteInput
[2024-10-28 04:33:10.636 +00:00] [ERR] [12] Jellyfin.Drawing.Skia.SkiaEncoder: Unable to determine image dimensions for "/config/data/metadata/People/F/Frank Miller/folder.jpg": IncompleteInput
[2024-10-28 04:33:10.878 +00:00] [INF] [12] MediaBrowser.MediaEncoding.Encoder.MediaEncoder: Starting "/usr/lib/jellyfin-ffmpeg/ffprobe" with args "-analyzeduration 200M -probesize 1G -i file:\"/data/peliculas/Depredador.La.presa.2022.1080p-dual-lat.mkv\" -threads 0 -v warning -print_format json -show_streams -show_chapters -show_format"
[2024-10-28 04:33:10.908 +00:00] [INF] [18] MediaBrowser.MediaEncoding.Encoder.MediaEncoder: Starting "/usr/lib/jellyfin-ffmpeg/ffprobe" with args "-analyzeduration 200M -probesize 1G -i file:\"/data/peliculas/Depredador.La.presa.2022.1080p-dual-lat.mp4\" -threads 0 -v warning -print_format json -show_streams -show_chapters -show_format"
[2024-10-28 04:33:12.135 +00:00] [ERR] [18] MediaBrowser.Providers.Movies.MovieMetadataService: Error in "Probe Provider"
MediaBrowser.Common.FfmpegException: ffprobe failed - streams and format are both null.
   at MediaBrowser.MediaEncoding.Encoder.MediaEncoder.GetMediaInfoInternal(String inputPath, String primaryPath, MediaProtocol protocol, Boolean extractChapters, String probeSizeArgument, Boolean isAudio, Nullable`1 videoType, CancellationToken cancellationToken)
   at MediaBrowser.MediaEncoding.Encoder.MediaEncoder.GetMediaInfoInternal(String inputPath, String primaryPath, MediaProtocol protocol, Boolean extractChapters, String probeSizeArgument, Boolean isAudio, Nullable`1 videoType, CancellationToken cancellationToken)
   at MediaBrowser.Providers.MediaInfo.FFProbeVideoInfo.ProbeVideo[T](T item, MetadataRefreshOptions options, CancellationToken cancellationToken)
   at MediaBrowser.Providers.Manager.MetadataService`2.RunCustomProvider(ICustomMetadataProvider`1 provider, TItemType item, String logName, MetadataRefreshOptions options, RefreshResult refreshResult, CancellationToken cancellationToken)
[2024-10-28 04:33:12.833 +00:00] [INF] [18] MediaBrowser.MediaEncoding.Encoder.MediaEncoder: Starting "/usr/lib/jellyfin-ffmpeg/ffprobe" with args "-analyzeduration 200M -probesize 1G -i file:\"/data/peliculas/Doctor.strange.in.the.multiverse.of.madness.2022.1080p-dual-lat-cinecalidad.re.mp4\" -threads 0 -v warning -print_format json -show_streams -show_chapters -show_format"
[2024-10-28 04:33:15.267 +00:00] [INF] [8] MediaBrowser.MediaEncoding.Encoder.MediaEncoder: Starting "/usr/lib/jellyfin-ffmpeg/ffprobe" with args "-analyzeduration 200M -probesize 1G -i file:\"/data/peliculas/Dune.part.two.2024.1080p-dual-lat-cinecalidad.re.mp4\" -threads 0 -v warning -print_format json -show_streams -show_chapters -show_format"
[2024-10-28 04:33:19.959 +00:00] [INF] [18] MediaBrowser.MediaEncoding.Encoder.MediaEncoder: Starting "/usr/lib/jellyfin-ffmpeg/ffprobe" with args "-analyzeduration 200M -probesize 1G -i file:\"/data/peliculas/El justiciero Capítulo final (2023).1080p.dual-lat.cinecalidad.com.mx.mp4\" -threads 0 -v warning -print_format json -show_streams -show_chapters -show_format"
[2024-10-28 04:33:26.457 +00:00] [INF] [16] MediaBrowser.MediaEncoding.Encoder.MediaEncoder: Starting "/usr/lib/jellyfin-ffmpeg/ffprobe" with args "-analyzeduration 200M -probesize 1G -i file:\"/data/peliculas/El.Padrino.1972.1080p-Dual-Lat.mkv\" -threads 0 -v warning -print_format json -show_streams -show_chapters -show_format"
[2024-10-28 04:33:27.940 +00:00] [INF] [18] MediaBrowser.MediaEncoding.Encoder.MediaEncoder: Starting "/usr/lib/jellyfin-ffmpeg/ffprobe" with args "-analyzeduration 200M -probesize 1G -i file:\"/data/peliculas/El.Sexto.Sentido.1999.1080p-Dual-Lat.mkv\" -threads 0 -v warning -print_format json -show_streams -show_chapters -show_format"
[2024-10-28 04:33:30.209 +00:00] [INF] [18] MediaBrowser.MediaEncoding.Encoder.MediaEncoder: Starting "/usr/lib/jellyfin-ffmpeg/ffprobe" with args "-analyzeduration 200M -probesize 1G -i file:\"/data/peliculas/El.vengador.anónimo.3.1985.1080p-Dual-Lat.mkv\" -threads 0 -v warning -print_format json -show_streams -show_chapters -show_format"
[2024-10-28 04:33:31.252 +00:00] [INF] [8] MediaBrowser.MediaEncoding.Encoder.MediaEncoder: Starting "/usr/lib/jellyfin-ffmpeg/ffprobe" with args "-analyzeduration 200M -probesize 1G -i file:\"/data/peliculas/Everything.everywhere.all.at.once.2022.1080p-dual-lat-cinecalidad.re.mp4\" -threads 0 -v warning -print_format json -show_streams -show_chapters -show_format"
[2024-10-28 04:33:32.274 +00:00] [INF] [18] MediaBrowser.MediaEncoding.Encoder.MediaEncoder: Starting "/usr/lib/jellyfin-ffmpeg/ffprobe" with args "-analyzeduration 200M -probesize 1G -i file:\"/data/peliculas/Excluidos (2022).1080p.dual-lat.cinecalidad.com.mx.mp4\" -threads 0 -v warning -print_format json -show_streams -show_chapters -show_format"
[2024-10-28 04:33:42.926 +00:00] [INF] [18] MediaBrowser.MediaEncoding.Encoder.MediaEncoder: Starting "/usr/lib/jellyfin-ffmpeg/ffprobe" with args "-analyzeduration 200M -probesize 1G -i file:\"/data/peliculas/Five Nights at Freddys (2023).4K.dual-lat.cinecalidad.com.mx.mkv\" -threads 0 -v warning -print_format json -show_streams -show_chapters -show_format"
[2024-10-28 04:33:43.529 +00:00] [INF] [8] MediaBrowser.MediaEncoding.Encoder.MediaEncoder: Starting "/usr/lib/jellyfin-ffmpeg/ffprobe" with args "-analyzeduration 200M -probesize 1G -i file:\"/data/peliculas/Free.Guy.(2021).1080P.dual-lat-cinecalidad.link.mp4\" -threads 0 -v warning -print_format json -show_streams -show_chapters -show_format"
[2024-10-28 04:33:47.058 +00:00] [INF] [12] MediaBrowser.MediaEncoding.Encoder.MediaEncoder: Starting "/usr/lib/jellyfin-ffmpeg/ffprobe" with args "-analyzeduration 200M -probesize 1G -i file:\"/data/peliculas/Glass.Onion.Un.misterio.de.Knives.Out.2022.DVDrip-lat.avi\" -threads 0 -v warning -print_format json -show_streams -show_chapters -show_format"
[2024-10-28 04:33:50.881 +00:00] [INF] [18] MediaBrowser.MediaEncoding.Encoder.MediaEncoder: Starting "/usr/lib/jellyfin-ffmpeg/ffprobe" with args "-analyzeduration 200M -probesize 1G -i file:\"/data/peliculas/Godzilla.y.KongEl.nuevo.imperio.2024.1080p-Dual-Lat.mkv\" -threads 0 -v warning -print_format json -show_streams -show_chapters -show_format"
[2024-10-28 04:33:52.166 +00:00] [INF] [15] MediaBrowser.MediaEncoding.Encoder.MediaEncoder: Starting "/usr/lib/jellyfin-ffmpeg/ffprobe" with args "-analyzeduration 200M -probesize 1G -i file:\"/data/peliculas/Hasta el limite (2022).1080p.dual-lat.cinecalidad.com.mx.mp4\" -threads 0 -v warning -print_format json -show_streams -show_chapters -show_format"
[2024-10-28 04:33:57.855 +00:00] [INF] [16] MediaBrowser.MediaEncoding.Encoder.MediaEncoder: Starting "/usr/lib/jellyfin-ffmpeg/ffprobe" with args "-analyzeduration 200M -probesize 1G -i file:\"/data/peliculas/Haunted Mansion (2023).1080p.dual-lat.cinecalidad.com.mx.mp4\" -threads 0 -v warning -print_format json -show_streams -show_chapters -show_format"
[2024-10-28 04:34:01.785 +00:00] [INF] [16] MediaBrowser.MediaEncoding.Encoder.MediaEncoder: Starting "/usr/lib/jellyfin-ffmpeg/ffprobe" with args "-analyzeduration 200M -probesize 1G -i file:\"/data/peliculas/Háblame (2022).1080p.dual-lat.cinecalidad.com.mx.mp4\" -threads 0 -v warning -print_format json -show_streams -show_chapters -show_format"
[2024-10-28 04:34:04.298 +00:00] [ERR] [8] MediaBrowser.Providers.Movies.MovieMetadataService: Error in "Probe Provider"
MediaBrowser.Common.FfmpegException: ffprobe failed - streams and format are both null.
   at MediaBrowser.MediaEncoding.Encoder.MediaEncoder.GetMediaInfoInternal(String inputPath, String primaryPath, MediaProtocol protocol, Boolean extractChapters, String probeSizeArgument, Boolean isAudio, Nullable`1 videoType, CancellationToken cancellationToken)
   at MediaBrowser.MediaEncoding.Encoder.MediaEncoder.GetMediaInfoInternal(String inputPath, String primaryPath, MediaProtocol protocol, Boolean extractChapters, String probeSizeArgument, Boolean isAudio, Nullable`1 videoType, CancellationToken cancellationToken)
   at MediaBrowser.Providers.MediaInfo.FFProbeVideoInfo.ProbeVideo[T](T item, MetadataRefreshOptions options, CancellationToken cancellationToken)
   at MediaBrowser.Providers.Manager.MetadataService`2.RunCustomProvider(ICustomMetadataProvider`1 provider, TItemType item, String logName, MetadataRefreshOptions options, RefreshResult refreshResult, CancellationToken cancellationToken)
[2024-10-28 04:34:05.902 +00:00] [INF] [18] MediaBrowser.MediaEncoding.Encoder.MediaEncoder: Starting "/usr/lib/jellyfin-ffmpeg/ffprobe" with args "-analyzeduration 200M -probesize 1G -i file:\"/data/peliculas/Indiana Jones y el dial del destino (2023).1080p.dual-lat.cinecalidad.com.mx.mp4\" -threads 0 -v warning -print_format json -show_streams -show_chapters -show_format"
[2024-10-28 04:34:11.187 +00:00] [INF] [8] MediaBrowser.MediaEncoding.Encoder.MediaEncoder: Starting "/usr/lib/jellyfin-ffmpeg/ffprobe" with args "-analyzeduration 200M -probesize 1G -i file:\"/data/peliculas/Inside.out.2.2024.1080p-dual-lat-cinecalidad.re.mp4\" -threads 0 -v warning -print_format json -show_streams -show_chapters -show_format"
[2024-10-28 04:34:17.326 +00:00] [INF] [8] MediaBrowser.MediaEncoding.Encoder.MediaEncoder: Starting "/usr/lib/jellyfin-ffmpeg/ffprobe" with args "-analyzeduration 200M -probesize 1G -i file:\"/data/peliculas/John.Wick.Chapter.4.2023.1080p.dual-lat.pelisplus.rip.mp4\" -threads 0 -v warning -print_format json -show_streams -show_chapters -show_format"
[2024-10-28 04:34:23.474 +00:00] [INF] [21] MediaBrowser.MediaEncoding.Encoder.MediaEncoder: Starting "/usr/lib/jellyfin-ffmpeg/ffprobe" with args "-analyzeduration 200M -probesize 1G -i file:\"/data/peliculas/Joker.2019.1080p-dual-lat-cinecalidad.is-r.mp4\" -threads 0 -v warning -print_format json -show_streams -show_chapters -show_format"
[2024-10-28 04:34:33.521 +00:00] [INF] [15] MediaBrowser.MediaEncoding.Encoder.MediaEncoder: Starting "/usr/lib/jellyfin-ffmpeg/ffprobe" with args "-analyzeduration 200M -probesize 1G -i file:\"/data/peliculas/La Monja 2 (2023).1080p.dual-lat.cinecalidad.com.mx.mp4\" -threads 0 -v warning -print_format json -show_streams -show_chapters -show_format"
[2024-10-28 04:34:33.528 +00:00] [INF] [15] MediaBrowser.MediaEncoding.Encoder.MediaEncoder: Starting "/usr/lib/jellyfin-ffmpeg/ffprobe" with args "-analyzeduration 200M -probesize 1G -i file:\"/data/peliculas/La conspiración del Diablo (2022).1080p.dual-lat.cinecalidad.com.mx.mp4\" -threads 0 -v warning -print_format json -show_streams -show_chapters -show_format"
[2024-10-28 04:34:42.152 +00:00] [INF] [10] MediaBrowser.MediaEncoding.Encoder.MediaEncoder: Starting "/usr/lib/jellyfin-ffmpeg/ffprobe" with args "-analyzeduration 200M -probesize 1G -i file:\"/data/peliculas/La emboscada.2023.1080p.dual-lat.cinecalidad.com.mx.mp4\" -threads 0 -v warning -print_format json -show_streams -show_chapters -show_format"
[2024-10-28 04:34:45.346 +00:00] [INF] [10] MediaBrowser.MediaEncoding.Encoder.MediaEncoder: Starting "/usr/lib/jellyfin-ffmpeg/ffprobe" with args "-analyzeduration 200M -probesize 1G -i file:\"/data/peliculas/La.Montaña.Embrujada.2009.1080p-Dual-Lat.mkv\" -threads 0 -v warning -print_format json -show_streams -show_chapters -show_format"
[2024-10-28 04:34:52.007 +00:00] [INF] [22] MediaBrowser.MediaEncoding.Encoder.MediaEncoder: Starting "/usr/lib/jellyfin-ffmpeg/ffprobe" with args "-analyzeduration 200M -probesize 1G -i file:\"/data/peliculas/La.sociedad.de.la.nieve.2024.1080p-Cast.mkv\" -threads 0 -v warning -print_format json -show_streams -show_chapters -show_format"
[2024-10-28 04:34:53.246 +00:00] [INF] [10] MediaBrowser.MediaEncoding.Encoder.MediaEncoder: Starting "/usr/lib/jellyfin-ffmpeg/ffprobe" with args "-analyzeduration 200M -probesize 1G -i file:\"/data/peliculas/Lobos.2024.1080p-Dual-Lat.mkv\" -threads 0 -v warning -print_format json -show_streams -show_chapters -show_format"
[2024-10-28 04:34:54.682 +00:00] [INF] [23] MediaBrowser.MediaEncoding.Encoder.MediaEncoder: Starting "/usr/lib/jellyfin-ffmpeg/ffprobe" with args "-analyzeduration 200M -probesize 1G -i file:\"/data/peliculas/Los asesinos de la luna (2023).1080p.dual-lat.cinecalidad.com.mx.mp4\" -threads 0 -v warning -print_format json -show_streams -show_chapters -show_format"
[2024-10-28 04:34:55.239 +00:00] [INF] [12] Jellyfin.Api.Helpers.MediaInfoHelper: User policy for "admin". EnablePlaybackRemuxing: True EnableVideoPlaybackTranscoding: True EnableAudioPlaybackTranscoding: True
[2024-10-28 04:34:55.659 +00:00] [INF] [12] MediaBrowser.MediaEncoding.Encoder.MediaEncoder: Starting "/usr/lib/jellyfin-ffmpeg/ffprobe" with args "-analyzeduration 200M -probesize 1G -i file:\"/data/peliculas/Mavka Guardiana del bosque (2023).1080p.dual-lat.cinecalidad.com.mx.mp4\" -threads 0 -v warning -print_format json -show_streams -show_chapters -show_format"
[2024-10-28 04:34:59.651 +00:00] [INF] [26] MediaBrowser.MediaEncoding.Subtitles.SubtitleEncoder: "/usr/lib/jellyfin-ffmpeg/ffmpeg" "-i file:\"/data/peliculas/Doctor.strange.in.the.multiverse.of.madness.2022.1080p-dual-lat-cinecalidad.re.mp4\" -copyts -map 0:3 -an -vn -c:s srt \"/config/data/data/subtitles/7/7d4cd3b2-a031-640e-6fa1-47655b787732.srt\" -map 0:4 -an -vn -c:s srt \"/config/data/data/subtitles/0/0f6fbde2-f456-e9c1-d997-4a87c1142f09.srt\""
[2024-10-28 04:35:01.836 +00:00] [INF] [24] MediaBrowser.MediaEncoding.Encoder.MediaEncoder: Starting "/usr/lib/jellyfin-ffmpeg/ffprobe" with args "-analyzeduration 200M -probesize 1G -i file:\"/data/peliculas/Miraculous- Las aventuras de Ladybug - La película.2023.1080p.dual-lat.cinecalidad.com.mx.mp4\" -threads 0 -v warning -print_format json -show_streams -show_chapters -show_format"
[2024-10-28 04:35:05.283 +00:00] [INF] [26] Emby.Server.Implementations.Session.SessionManager: Playback stopped reported by app "Jellyfin Web" "10.10.0" playing "Doctor Strange en el multiverso de la locura". Stopped at "5492" ms
[2024-10-28 04:35:07.897 +00:00] [INF] [26] MediaBrowser.MediaEncoding.Encoder.MediaEncoder: Starting "/usr/lib/jellyfin-ffmpeg/ffprobe" with args "-analyzeduration 200M -probesize 1G -i file:\"/data/peliculas/Misión de rescate 2.2023.1080p.dual-lat.cinecalidad.com.mx.mp4\" -threads 0 -v warning -print_format json -show_streams -show_chapters -show_format"
[2024-10-28 04:35:13.562 +00:00] [INF] [26] MediaBrowser.MediaEncoding.Encoder.MediaEncoder: Starting "/usr/lib/jellyfin-ffmpeg/ffprobe" with args "-analyzeduration 200M -probesize 1G -i file:\"/data/peliculas/No.Time.To.Die.2021.1080P-Dual-Lat-Cine-Calidad.Com.mp4\" -threads 0 -v warning -print_format json -show_streams -show_chapters -show_format"
[2024-10-28 04:35:20.029 +00:00] [INF] [26] MediaBrowser.MediaEncoding.Encoder.MediaEncoder: Starting "/usr/lib/jellyfin-ffmpeg/ffprobe" with args "-analyzeduration 200M -probesize 1G -i file:\"/data/peliculas/No.hables.con.extraños.2024.1080p-Dual-Lat.mkv\" -threads 0 -v warning -print_format json -show_streams -show_chapters -show_format"
[2024-10-28 04:35:21.291 +00:00] [INF] [21] MediaBrowser.MediaEncoding.Encoder.MediaEncoder: Starting "/usr/lib/jellyfin-ffmpeg/ffprobe" with args "-analyzeduration 200M -probesize 1G -i file:\"/data/peliculas/No.mires.arriba.2021.1080p-dual-lat.mp4\" -threads 0 -v warning -print_format json -show_streams -show_chapters -show_format"
[2024-10-28 04:35:22.998 +00:00] [INF] [12] MediaBrowser.MediaEncoding.Encoder.MediaEncoder: Starting "/usr/lib/jellyfin-ffmpeg/ffprobe" with args "-analyzeduration 200M -probesize 1G -i file:\"/data/peliculas/Resurección del mal (2023).1080p.dual-lat.cinecalidad.com.mx.mp4\" -threads 0 -v warning -print_format json -show_streams -show_chapters -show_format"
[2024-10-28 04:35:23.650 +00:00] [INF] [26] MediaBrowser.MediaEncoding.Encoder.MediaEncoder: Starting "/usr/lib/jellyfin-ffmpeg/ffprobe" with args "-analyzeduration 200M -probesize 1G -i file:\"/data/peliculas/Rez.Ball.2024.1080p-Dual-Lat.mkv\" -threads 0 -v warning -print_format json -show_streams -show_chapters -show_format"
[2024-10-28 04:35:26.098 +00:00] [INF] [12] MediaBrowser.MediaEncoding.Encoder.MediaEncoder: Starting "/usr/lib/jellyfin-ffmpeg/ffprobe" with args "-analyzeduration 200M -probesize 1G -i file:\"/data/peliculas/Saw X El juego del miedo (2023).1080p.dual.lat.cinecalidad.com.mx.mp4\" -threads 0 -v warning -print_format json -show_streams -show_chapters -show_format"
[2024-10-28 04:35:27.831 +00:00] [INF] [12] MediaBrowser.MediaEncoding.Encoder.MediaEncoder: Starting "/usr/lib/jellyfin-ffmpeg/ffprobe" with args "-analyzeduration 200M -probesize 1G -i file:\"/data/peliculas/Shang-Chi y la leyenda de los Diez Anillos (2021) BR-RIP 1080p LAT - CharlX.mkv\" -threads 0 -v warning -print_format json -show_streams -show_chapters -show_format"
[2024-10-28 04:35:31.572 +00:00] [INF] [12] MediaBrowser.MediaEncoding.Encoder.MediaEncoder: Starting "/usr/lib/jellyfin-ffmpeg/ffprobe" with args "-analyzeduration 200M -probesize 1G -i file:\"/data/peliculas/Shang-chi.and.the.legend.of.the.ten.rings.2021.1080p-dual-lat-cinecalidad.re.mp4\" -threads 0 -v warning -print_format json -show_streams -show_chapters -show_format"
[2024-10-28 04:35:38.249 +00:00] [INF] [23] MediaBrowser.MediaEncoding.Encoder.MediaEncoder: Starting "/usr/lib/jellyfin-ffmpeg/ffprobe" with args "-analyzeduration 200M -probesize 1G -i file:\"/data/peliculas/Sisu.2022.1080p.dual-lat.cinecalidad.com.mx.mp4\" -threads 0 -v warning -print_format json -show_streams -show_chapters -show_format"
[2024-10-28 04:35:41.922 +00:00] [INF] [23] MediaBrowser.MediaEncoding.Encoder.MediaEncoder: Starting "/usr/lib/jellyfin-ffmpeg/ffprobe" with args "-analyzeduration 200M -probesize 1G -i file:\"/data/peliculas/Sonido de libertad (2023).1080p.dual-lat.cinecalidad.com.mx.mp4\" -threads 0 -v warning -print_format json -show_streams -show_chapters -show_format"
[2024-10-28 04:35:43.349 +00:00] [INF] [23] MediaBrowser.MediaEncoding.Encoder.MediaEncoder: Starting "/usr/lib/jellyfin-ffmpeg/ffprobe" with args "-analyzeduration 200M -probesize 1G -i file:\"/data/peliculas/Spider-Man A través del Spider-Verso (2023).1080p.dual-lat.cinecalidad.com.mx.mp4\" -threads 0 -v warning -print_format json -show_streams -show_chapters -show_format"
[2024-10-28 04:35:53.436 +00:00] [INF] [23] MediaBrowser.MediaEncoding.Encoder.MediaEncoder: Starting "/usr/lib/jellyfin-ffmpeg/ffprobe" with args "-analyzeduration 200M -probesize 1G -i file:\"/data/peliculas/Tenet.2020.1080p.IMAX.BluRay.ENG.And.ESP.LATINO.DDP5.1.MP4-BEN.THE.MEN.mp4\" -threads 0 -v warning -print_format json -show_streams -show_chapters -show_format"
[2024-10-28 04:35:54.029 +00:00] [INF] [12] MediaBrowser.MediaEncoding.Encoder.MediaEncoder: Starting "/usr/lib/jellyfin-ffmpeg/ffprobe" with args "-analyzeduration 200M -probesize 1G -i file:\"/data/peliculas/The.Covenant.2023.1080p.dual-lat.cinecalidad.com.mx.mp4\" -threads 0 -v warning -print_format json -show_streams -show_chapters -show_format"
[2024-10-28 04:35:59.232 +00:00] [ERR] [21] MediaBrowser.Providers.Movies.MovieMetadataService: Error in "Probe Provider"
MediaBrowser.Common.FfmpegException: ffprobe failed - streams and format are both null.
   at MediaBrowser.MediaEncoding.Encoder.MediaEncoder.GetMediaInfoInternal(String inputPath, String primaryPath, MediaProtocol protocol, Boolean extractChapters, String probeSizeArgument, Boolean isAudio, Nullable`1 videoType, CancellationToken cancellationToken)
   at MediaBrowser.MediaEncoding.Encoder.MediaEncoder.GetMediaInfoInternal(String inputPath, String primaryPath, MediaProtocol protocol, Boolean extractChapters, String probeSizeArgument, Boolean isAudio, Nullable`1 videoType, CancellationToken cancellationToken)
   at MediaBrowser.Providers.MediaInfo.FFProbeVideoInfo.ProbeVideo[T](T item, MetadataRefreshOptions options, CancellationToken cancellationToken)
   at MediaBrowser.Providers.Manager.MetadataService`2.RunCustomProvider(ICustomMetadataProvider`1 provider, TItemType item, String logName, MetadataRefreshOptions options, RefreshResult refreshResult, CancellationToken cancellationToken)
[2024-10-28 04:36:00.117 +00:00] [INF] [23] MediaBrowser.MediaEncoding.Encoder.MediaEncoder: Starting "/usr/lib/jellyfin-ffmpeg/ffprobe" with args "-analyzeduration 200M -probesize 1G -i file:\"/data/peliculas/The.Wasp.2024.1080p.CAMRip.LAT.DUB.1XBET.mp4\" -threads 0 -v warning -print_format json -show_streams -show_chapters -show_format"
[2024-10-28 04:36:01.686 +00:00] [INF] [21] MediaBrowser.MediaEncoding.Encoder.MediaEncoder: Starting "/usr/lib/jellyfin-ffmpeg/ffprobe" with args "-analyzeduration 200M -probesize 1G -i file:\"/data/peliculas/The.batman.2022.1080p-dual-lat-cinecalidad.re.mp4\" -threads 0 -v warning -print_format json -show_streams -show_chapters -show_format"
[2024-10-28 04:36:04.726 +00:00] [INF] [24] MediaBrowser.MediaEncoding.Encoder.MediaEncoder: Starting "/usr/lib/jellyfin-ffmpeg/ffprobe" with args "-analyzeduration 200M -probesize 1G -i file:\"/data/peliculas/To End All War Oppenheimer The Atomic Bomb 2023.1080p.dual-lat.cinecalidad.com.mx.mp4\" -threads 0 -v warning -print_format json -show_streams -show_chapters -show_format"
[2024-10-28 04:36:10.770 +00:00] [INF] [21] MediaBrowser.MediaEncoding.Encoder.MediaEncoder: Starting "/usr/lib/jellyfin-ffmpeg/ffprobe" with args "-analyzeduration 200M -probesize 1G -i file:\"/data/peliculas/Top.gun.maverick.2022.imax.1080p-dual-lat-cinecalidad.re.mp4\" -threads 0 -v warning -print_format json -show_streams -show_chapters -show_format"
[2024-10-28 04:36:16.445 +00:00] [INF] [24] MediaBrowser.MediaEncoding.Encoder.MediaEncoder: Starting "/usr/lib/jellyfin-ffmpeg/ffprobe" with args "-analyzeduration 200M -probesize 1G -i file:\"/data/peliculas/Tortugas Ninja Caos mutante (2023).1080p.dual-lat.cinecalidad.com.mx.mp4\" -threads 0 -v warning -print_format json -show_streams -show_chapters -show_format"
[2024-10-28 04:36:22.512 +00:00] [INF] [10] MediaBrowser.MediaEncoding.Encoder.MediaEncoder: Starting "/usr/lib/jellyfin-ffmpeg/ffprobe" with args "-analyzeduration 200M -probesize 1G -i file:\"/data/peliculas/Transformers Rise of the Beasts (2023).Cam.dual-lat.cinecalidad.com.mx.mp4\" -threads 0 -v warning -print_format json -show_streams -show_chapters -show_format"
[2024-10-28 04:36:28.204 +00:00] [INF] [24] MediaBrowser.MediaEncoding.Encoder.MediaEncoder: Starting "/usr/lib/jellyfin-ffmpeg/ffprobe" with args "-analyzeduration 200M -probesize 1G -i file:\"/data/peliculas/Tren.bala.2022.1080p-dual-lat.mkv\" -threads 0 -v warning -print_format json -show_streams -show_chapters -show_format"
[2024-10-28 04:36:29.372 +00:00] [INF] [24] MediaBrowser.MediaEncoding.Encoder.MediaEncoder: Starting "/usr/lib/jellyfin-ffmpeg/ffprobe" with args "-analyzeduration 200M -probesize 1G -i file:\"/data/peliculas/Wonka (2023).1080p.dual-lat.cinecalidad.com.mx.mp4\" -threads 0 -v warning -print_format json -show_streams -show_chapters -show_format"
[2024-10-28 04:36:33.238 +00:00] [ERR] [24] MediaBrowser.Providers.Movies.MovieMetadataService: Error in "Probe Provider"
MediaBrowser.Common.FfmpegException: ffprobe failed - streams and format are both null.
   at MediaBrowser.MediaEncoding.Encoder.MediaEncoder.GetMediaInfoInternal(String inputPath, String primaryPath, MediaProtocol protocol, Boolean extractChapters, String probeSizeArgument, Boolean isAudio, Nullable`1 videoType, CancellationToken cancellationToken)
   at MediaBrowser.MediaEncoding.Encoder.MediaEncoder.GetMediaInfoInternal(String inputPath, String primaryPath, MediaProtocol protocol, Boolean extractChapters, String probeSizeArgument, Boolean isAudio, Nullable`1 videoType, CancellationToken cancellationToken)
   at MediaBrowser.Providers.MediaInfo.FFProbeVideoInfo.ProbeVideo[T](T item, MetadataRefreshOptions options, CancellationToken cancellationToken)
   at MediaBrowser.Providers.Manager.MetadataService`2.RunCustomProvider(ICustomMetadataProvider`1 provider, TItemType item, String logName, MetadataRefreshOptions options, RefreshResult refreshResult, CancellationToken cancellationToken)
[2024-10-28 04:36:33.952 +00:00] [INF] [10] MediaBrowser.MediaEncoding.Encoder.MediaEncoder: Starting "/usr/lib/jellyfin-ffmpeg/ffprobe" with args "-analyzeduration 200M -probesize 1G -i file:\"/data/peliculas/Zack.snyders.justice.league.2021.1080p-dual-lat-cinecalidad.is.mp4\" -threads 0 -v warning -print_format json -show_streams -show_chapters -show_format"
[2024-10-28 04:36:41.489 +00:00] [INF] [10] MediaBrowser.MediaEncoding.Encoder.MediaEncoder: Starting "/usr/lib/jellyfin-ffmpeg/ffprobe" with args "-analyzeduration 200M -probesize 1G -i file:\"/data/peliculas/¡Shazam! La furia de los dioses (2023).1080p.dual-lat.cinecalidad.cat.mp4\" -threads 0 -v warning -print_format json -show_streams -show_chapters -show_format"
[2024-10-28 04:36:59.752 +00:00] [INF] [10] Jellyfin.Drawing.ImageProcessor: Creating image collage and saving to "/tmp/jellyfin/b3531ba729374317b1d67a4fa4ff6afe.png"
[2024-10-28 04:37:00.294 +00:00] [INF] [10] Jellyfin.Drawing.ImageProcessor: Completed creation of image collage and saved to "/tmp/jellyfin/b3531ba729374317b1d67a4fa4ff6afe.png"
[2024-10-28 04:37:00.313 +00:00] [INF] [3] Jellyfin.Drawing.ImageProcessor: Creating image collage and saving to "/tmp/jellyfin/44a20cecb1ac4cf4aba311cd843a1f85.png"
[2024-10-28 04:37:00.867 +00:00] [INF] [3] Jellyfin.Drawing.ImageProcessor: Completed creation of image collage and saved to "/tmp/jellyfin/44a20cecb1ac4cf4aba311cd843a1f85.png"
[2024-10-28 04:37:00.883 +00:00] [INF] [24] Jellyfin.Drawing.ImageProcessor: Creating image collage and saving to "/tmp/jellyfin/3709b0d6e94046619e6e083c5aa18191.png"
[2024-10-28 04:37:01.391 +00:00] [INF] [24] Jellyfin.Drawing.ImageProcessor: Completed creation of image collage and saved to "/tmp/jellyfin/3709b0d6e94046619e6e083c5aa18191.png"
[2024-10-28 04:37:01.407 +00:00] [INF] [24] Jellyfin.Drawing.ImageProcessor: Creating image collage and saving to "/tmp/jellyfin/45775c2c705d4d479a33fcb7284b9f30.png"
[2024-10-28 04:37:02.070 +00:00] [INF] [24] Jellyfin.Drawing.ImageProcessor: Completed creation of image collage and saved to "/tmp/jellyfin/45775c2c705d4d479a33fcb7284b9f30.png"
[2024-10-28 04:37:02.084 +00:00] [INF] [24] Jellyfin.Drawing.ImageProcessor: Creating image collage and saving to "/tmp/jellyfin/fe09ff5469b44661909fd6d378cf9b4f.png"
[2024-10-28 04:37:02.600 +00:00] [INF] [24] Jellyfin.Drawing.ImageProcessor: Completed creation of image collage and saved to "/tmp/jellyfin/fe09ff5469b44661909fd6d378cf9b4f.png"
[2024-10-28 04:37:02.613 +00:00] [INF] [24] Jellyfin.Drawing.ImageProcessor: Creating image collage and saving to "/tmp/jellyfin/ae147f6fc4824ca0bd7dfeacd5581f94.png"
[2024-10-28 04:37:03.067 +00:00] [INF] [24] Jellyfin.Drawing.ImageProcessor: Completed creation of image collage and saved to "/tmp/jellyfin/ae147f6fc4824ca0bd7dfeacd5581f94.png"
[2024-10-28 04:37:03.080 +00:00] [INF] [24] Jellyfin.Drawing.ImageProcessor: Creating image collage and saving to "/tmp/jellyfin/579b749386a44d37811abe9d8fbf3c81.png"
[2024-10-28 04:37:03.572 +00:00] [INF] [24] Jellyfin.Drawing.ImageProcessor: Completed creation of image collage and saved to "/tmp/jellyfin/579b749386a44d37811abe9d8fbf3c81.png"
[2024-10-28 04:37:03.585 +00:00] [INF] [24] Jellyfin.Drawing.ImageProcessor: Creating image collage and saving to "/tmp/jellyfin/8017560c35f6430d88c77110a5103510.png"
[2024-10-28 04:37:03.713 +00:00] [INF] [24] Jellyfin.Drawing.ImageProcessor: Completed creation of image collage and saved to "/tmp/jellyfin/8017560c35f6430d88c77110a5103510.png"
[2024-10-28 04:37:03.721 +00:00] [INF] [24] Jellyfin.Drawing.ImageProcessor: Creating image collage and saving to "/tmp/jellyfin/a0c23c099b184078885c0bc745c45267.png"
[2024-10-28 04:37:04.252 +00:00] [INF] [24] Jellyfin.Drawing.ImageProcessor: Completed creation of image collage and saved to "/tmp/jellyfin/a0c23c099b184078885c0bc745c45267.png"
[2024-10-28 04:37:04.265 +00:00] [INF] [26] Jellyfin.Drawing.ImageProcessor: Creating image collage and saving to "/tmp/jellyfin/ff1c517f659549d8b388d5a7862555c2.png"
[2024-10-28 04:37:04.900 +00:00] [INF] [26] Jellyfin.Drawing.ImageProcessor: Completed creation of image collage and saved to "/tmp/jellyfin/ff1c517f659549d8b388d5a7862555c2.png"
[2024-10-28 04:37:04.918 +00:00] [INF] [3] Jellyfin.Drawing.ImageProcessor: Creating image collage and saving to "/tmp/jellyfin/11967cb29bf946d0ae81a6d2e3b651f3.png"
[2024-10-28 04:37:05.478 +00:00] [INF] [3] Jellyfin.Drawing.ImageProcessor: Completed creation of image collage and saved to "/tmp/jellyfin/11967cb29bf946d0ae81a6d2e3b651f3.png"
[2024-10-28 04:37:05.491 +00:00] [INF] [3] Jellyfin.Drawing.ImageProcessor: Creating image collage and saving to "/tmp/jellyfin/f4c47751e6ea43f6b8cc9d8af7fc8db9.png"
[2024-10-28 04:37:06.006 +00:00] [INF] [3] Jellyfin.Drawing.ImageProcessor: Completed creation of image collage and saved to "/tmp/jellyfin/f4c47751e6ea43f6b8cc9d8af7fc8db9.png"
[2024-10-28 04:37:06.019 +00:00] [INF] [3] Jellyfin.Drawing.ImageProcessor: Creating image collage and saving to "/tmp/jellyfin/a15172bf7fa94bee8742c0068d4d6293.png"
[2024-10-28 04:37:06.531 +00:00] [INF] [3] Jellyfin.Drawing.ImageProcessor: Completed creation of image collage and saved to "/tmp/jellyfin/a15172bf7fa94bee8742c0068d4d6293.png"
[2024-10-28 04:37:06.543 +00:00] [INF] [3] Jellyfin.Drawing.ImageProcessor: Creating image collage and saving to "/tmp/jellyfin/d9929c02a0f948998bb70bb79b2dde6a.png"
[2024-10-28 04:37:06.951 +00:00] [INF] [3] Jellyfin.Drawing.ImageProcessor: Completed creation of image collage and saved to "/tmp/jellyfin/d9929c02a0f948998bb70bb79b2dde6a.png"
[2024-10-28 04:37:06.974 +00:00] [INF] [3] Jellyfin.Drawing.ImageProcessor: Creating image collage and saving to "/tmp/jellyfin/38ab65949a2246a684edd4a85b523f75.png"
[2024-10-28 04:37:07.051 +00:00] [INF] [24] Emby.Server.Implementations.Session.SessionWebSocketListener: Sending ForceKeepAlive message to 1 inactive WebSockets.
[2024-10-28 04:37:07.437 +00:00] [INF] [3] Jellyfin.Drawing.ImageProcessor: Completed creation of image collage and saved to "/tmp/jellyfin/38ab65949a2246a684edd4a85b523f75.png"
[2024-10-28 04:37:07.453 +00:00] [INF] [24] Jellyfin.Drawing.ImageProcessor: Creating image collage and saving to "/tmp/jellyfin/3baaf60756374f0a93afb92417fc5ba5.png"
[2024-10-28 04:37:08.081 +00:00] [INF] [24] Jellyfin.Drawing.ImageProcessor: Completed creation of image collage and saved to "/tmp/jellyfin/3baaf60756374f0a93afb92417fc5ba5.png"
[2024-10-28 04:37:15.022 +00:00] [INF] [26] Emby.Server.Implementations.ScheduledTasks.TaskManager: "Escanear biblioteca de medios" Completed after 4 minute(s) and 29 seconds
[2024-10-28 04:37:15.058 +00:00] [INF] [3] Emby.Server.Implementations.IO.LibraryMonitor: Watching directory "/data/peliculas"
